2025-11-17T12:07:02.984+03:00  INFO 25432 --- [recommendation-service] [restartedMain] c.m.r.RecommendationServiceApplication   : Starting RecommendationServiceApplication using Java 17.0.12 with PID 25432 (C:\pract\chibuk\PROEKT MUSIC SYTE\music_proj_www\recommendation-service\target\classes started by Redmibook in C:\pract\chibuk\PROEKT MUSIC SYTE\music_proj_www\recommendation-service)
2025-11-17T12:07:02.988+03:00 DEBUG 25432 --- [recommendation-service] [restartedMain] c.m.r.RecommendationServiceApplication   : Running with Spring Boot v3.2.0, Spring v6.1.1
2025-11-17T12:07:02.990+03:00  INFO 25432 --- [recommendation-service] [restartedMain] c.m.r.RecommendationServiceApplication   : No active profile set, falling back to 1 default profile: "default"
2025-11-17T12:07:03.014+03:00  INFO 25432 --- [recommendation-service] [restartedMain] o.s.c.c.c.ConfigServerConfigDataLoader   : Fetching config from server at : http://localhost:8888
2025-11-17T12:07:03.014+03:00  INFO 25432 --- [recommendation-service] [restartedMain] o.s.c.c.c.ConfigServerConfigDataLoader   : Located environment: name=recommendation-service, profiles=[default], label=null, version=null, state=null
2025-11-17T12:07:03.015+03:00  INFO 25432 --- [recommendation-service] [restartedMain] .e.DevToolsPropertyDefaultsPostProcessor : Devtools property defaults active! Set 'spring.devtools.add-properties' to 'false' to disable
2025-11-17T12:07:03.016+03:00  INFO 25432 --- [recommendation-service] [restartedMain] .e.DevToolsPropertyDefaultsPostProcessor : For additional web related logging consider setting the 'logging.level.web' property to 'DEBUG'
2025-11-17T12:07:03.734+03:00  INFO 25432 --- [recommendation-service] [restartedMain] o.s.cloud.context.scope.GenericScope     : BeanFactory id=b3f17326-f15b-33c6-b5c2-834df9f069f1
2025-11-17T12:07:03.975+03:00  WARN 25432 --- [recommendation-service] [restartedMain] trationDelegate$BeanPostProcessorChecker : Bean 'org.springframework.cloud.client.loadbalancer.LoadBalancerAutoConfiguration$LoadBalancerInterceptorConfig' of type [org.springframework.cloud.client.loadbalancer.LoadBalancerAutoConfiguration$LoadBalancerInterceptorConfig] is not eligible for getting processed by all BeanPostProcessors (for example: not eligible for auto-proxying). The currently created BeanPostProcessor [lbRestClientPostProcessor] is declared through a non-static factory method on that class; consider declaring it as static instead.
2025-11-17T12:07:03.983+03:00  WARN 25432 --- [recommendation-service] [restartedMain] trationDelegate$BeanPostProcessorChecker : Bean 'org.springframework.cloud.loadbalancer.config.BlockingLoadBalancerClientAutoConfiguration' of type [org.springframework.cloud.loadbalancer.config.BlockingLoadBalancerClientAutoConfiguration] is not eligible for getting processed by all BeanPostProcessors (for example: not eligible for auto-proxying). Is this bean getting eagerly injected into a currently created BeanPostProcessor [lbRestClientPostProcessor]? Check the corresponding BeanPostProcessor declaration and its dependencies.
2025-11-17T12:07:03.986+03:00  WARN 25432 --- [recommendation-service] [restartedMain] trationDelegate$BeanPostProcessorChecker : Bean 'org.springframework.cloud.loadbalancer.config.LoadBalancerAutoConfiguration' of type [org.springframework.cloud.loadbalancer.config.LoadBalancerAutoConfiguration] is not eligible for getting processed by all BeanPostProcessors (for example: not eligible for auto-proxying). Is this bean getting eagerly injected into a currently created BeanPostProcessor [lbRestClientPostProcessor]? Check the corresponding BeanPostProcessor declaration and its dependencies.
2025-11-17T12:07:03.998+03:00  WARN 25432 --- [recommendation-service] [restartedMain] trationDelegate$BeanPostProcessorChecker : Bean 'org.springframework.cloud.commons.config.CommonsConfigAutoConfiguration' of type [org.springframework.cloud.commons.config.CommonsConfigAutoConfiguration] is not eligible for getting processed by all BeanPostProcessors (for example: not eligible for auto-proxying). Is this bean getting eagerly injected into a currently created BeanPostProcessor [lbRestClientPostProcessor]? Check the corresponding BeanPostProcessor declaration and its dependencies.
2025-11-17T12:07:04.001+03:00  WARN 25432 --- [recommendation-service] [restartedMain] trationDelegate$BeanPostProcessorChecker : Bean 'org.springframework.cloud.client.loadbalancer.LoadBalancerDefaultMappingsProviderAutoConfiguration' of type [org.springframework.cloud.client.loadbalancer.LoadBalancerDefaultMappingsProviderAutoConfiguration] is not eligible for getting processed by all BeanPostProcessors (for example: not eligible for auto-proxying). Is this bean getting eagerly injected into a currently created BeanPostProcessor [lbRestClientPostProcessor]? Check the corresponding BeanPostProcessor declaration and its dependencies.
2025-11-17T12:07:04.002+03:00  WARN 25432 --- [recommendation-service] [restartedMain] trationDelegate$BeanPostProcessorChecker : Bean 'loadBalancerClientsDefaultsMappingsProvider' of type [org.springframework.cloud.client.loadbalancer.LoadBalancerDefaultMappingsProviderAutoConfiguration$$Lambda$523/0x00000261013d0800] is not eligible for getting processed by all BeanPostProcessors (for example: not eligible for auto-proxying). Is this bean getting eagerly injected into a currently created BeanPostProcessor [lbRestClientPostProcessor]? Check the corresponding BeanPostProcessor declaration and its dependencies.
2025-11-17T12:07:04.004+03:00  WARN 25432 --- [recommendation-service] [restartedMain] trationDelegate$BeanPostProcessorChecker : Bean 'defaultsBindHandlerAdvisor' of type [org.springframework.cloud.commons.config.DefaultsBindHandlerAdvisor] is not eligible for getting processed by all BeanPostProcessors (for example: not eligible for auto-proxying). Is this bean getting eagerly injected into a currently created BeanPostProcessor [lbRestClientPostProcessor]? Check the corresponding BeanPostProcessor declaration and its dependencies.
2025-11-17T12:07:04.010+03:00  WARN 25432 --- [recommendation-service] [restartedMain] trationDelegate$BeanPostProcessorChecker : Bean 'spring.cloud.loadbalancer-org.springframework.cloud.client.loadbalancer.LoadBalancerClientsProperties' of type [org.springframework.cloud.client.loadbalancer.LoadBalancerClientsProperties] is not eligible for getting processed by all BeanPostProcessors (for example: not eligible for auto-proxying). Is this bean getting eagerly injected into a currently created BeanPostProcessor [lbRestClientPostProcessor]? Check the corresponding BeanPostProcessor declaration and its dependencies.
2025-11-17T12:07:04.017+03:00  WARN 25432 --- [recommendation-service] [restartedMain] trationDelegate$BeanPostProcessorChecker : Bean 'default.org.springframework.cloud.loadbalancer.config.LoadBalancerAutoConfiguration.LoadBalancerClientSpecification' of type [org.springframework.cloud.loadbalancer.annotation.LoadBalancerClientSpecification] is not eligible for getting processed by all BeanPostProcessors (for example: not eligible for auto-proxying). Is this bean getting eagerly injected into a currently created BeanPostProcessor [lbRestClientPostProcessor]? Check the corresponding BeanPostProcessor declaration and its dependencies.
2025-11-17T12:07:04.019+03:00  WARN 25432 --- [recommendation-service] [restartedMain] trationDelegate$BeanPostProcessorChecker : Bean 'default.org.springframework.cloud.loadbalancer.config.BlockingLoadBalancerClientAutoConfiguration.LoadBalancerClientSpecification' of type [org.springframework.cloud.loadbalancer.annotation.LoadBalancerClientSpecification] is not eligible for getting processed by all BeanPostProcessors (for example: not eligible for auto-proxying). Is this bean getting eagerly injected into a currently created BeanPostProcessor [lbRestClientPostProcessor]? Check the corresponding BeanPostProcessor declaration and its dependencies.
2025-11-17T12:07:04.020+03:00  WARN 25432 --- [recommendation-service] [restartedMain] trationDelegate$BeanPostProcessorChecker : Bean 'default.org.springframework.cloud.netflix.eureka.loadbalancer.LoadBalancerEurekaAutoConfiguration.LoadBalancerClientSpecification' of type [org.springframework.cloud.loadbalancer.annotation.LoadBalancerClientSpecification] is not eligible for getting processed by all BeanPostProcessors (for example: not eligible for auto-proxying). Is this bean getting eagerly injected into a currently created BeanPostProcessor [lbRestClientPostProcessor]? Check the corresponding BeanPostProcessor declaration and its dependencies.
2025-11-17T12:07:04.022+03:00  WARN 25432 --- [recommendation-service] [restartedMain] trationDelegate$BeanPostProcessorChecker : Bean 'loadBalancerClientFactory' of type [org.springframework.cloud.loadbalancer.support.LoadBalancerClientFactory] is not eligible for getting processed by all BeanPostProcessors (for example: not eligible for auto-proxying). Is this bean getting eagerly injected into a currently created BeanPostProcessor [lbRestClientPostProcessor]? Check the corresponding BeanPostProcessor declaration and its dependencies.
2025-11-17T12:07:04.027+03:00  WARN 25432 --- [recommendation-service] [restartedMain] trationDelegate$BeanPostProcessorChecker : Bean 'blockingLoadBalancerClient' of type [org.springframework.cloud.loadbalancer.blocking.client.BlockingLoadBalancerClient] is not eligible for getting processed by all BeanPostProcessors (for example: not eligible for auto-proxying). Is this bean getting eagerly injected into a currently created BeanPostProcessor [lbRestClientPostProcessor]? Check the corresponding BeanPostProcessor declaration and its dependencies.
2025-11-17T12:07:04.033+03:00  WARN 25432 --- [recommendation-service] [restartedMain] trationDelegate$BeanPostProcessorChecker : Bean 'loadBalancerServiceInstanceCookieTransformer' of type [org.springframework.cloud.loadbalancer.core.LoadBalancerServiceInstanceCookieTransformer] is not eligible for getting processed by all BeanPostProcessors (for example: not eligible for auto-proxying). Is this bean getting eagerly injected into a currently created BeanPostProcessor [lbRestClientPostProcessor]? Check the corresponding BeanPostProcessor declaration and its dependencies.
2025-11-17T12:07:04.036+03:00  WARN 25432 --- [recommendation-service] [restartedMain] trationDelegate$BeanPostProcessorChecker : Bean 'xForwarderHeadersTransformer' of type [org.springframework.cloud.loadbalancer.blocking.XForwardedHeadersTransformer] is not eligible for getting processed by all BeanPostProcessors (for example: not eligible for auto-proxying). Is this bean getting eagerly injected into a currently created BeanPostProcessor [lbRestClientPostProcessor]? Check the corresponding BeanPostProcessor declaration and its dependencies.
2025-11-17T12:07:04.037+03:00  WARN 25432 --- [recommendation-service] [restartedMain] trationDelegate$BeanPostProcessorChecker : Bean 'org.springframework.cloud.client.loadbalancer.LoadBalancerAutoConfiguration' of type [org.springframework.cloud.client.loadbalancer.LoadBalancerAutoConfiguration] is not eligible for getting processed by all BeanPostProcessors (for example: not eligible for auto-proxying). Is this bean getting eagerly injected into a currently created BeanPostProcessor [lbRestClientPostProcessor]? Check the corresponding BeanPostProcessor declaration and its dependencies.
2025-11-17T12:07:04.039+03:00  WARN 25432 --- [recommendation-service] [restartedMain] trationDelegate$BeanPostProcessorChecker : Bean 'loadBalancerRequestFactory' of type [org.springframework.cloud.client.loadbalancer.LoadBalancerRequestFactory] is not eligible for getting processed by all BeanPostProcessors (for example: not eligible for auto-proxying). Is this bean getting eagerly injected into a currently created BeanPostProcessor [lbRestClientPostProcessor]? Check the corresponding BeanPostProcessor declaration and its dependencies.
2025-11-17T12:07:04.040+03:00  WARN 25432 --- [recommendation-service] [restartedMain] trationDelegate$BeanPostProcessorChecker : Bean 'loadBalancerInterceptor' of type [org.springframework.cloud.client.loadbalancer.LoadBalancerInterceptor] is not eligible for getting processed by all BeanPostProcessors (for example: not eligible for auto-proxying). Is this bean getting eagerly injected into a currently created BeanPostProcessor [lbRestClientPostProcessor]? Check the corresponding BeanPostProcessor declaration and its dependencies.
2025-11-17T12:07:04.440+03:00  INFO 25432 --- [recommendation-service] [restartedMain] o.s.b.w.embedded.tomcat.TomcatWebServer  : Tomcat initialized with port 8085 (http)
2025-11-17T12:07:04.449+03:00  INFO 25432 --- [recommendation-service] [restartedMain] o.apache.catalina.core.StandardService   : Starting service [Tomcat]
2025-11-17T12:07:04.450+03:00  INFO 25432 --- [recommendation-service] [restartedMain] o.apache.catalina.core.StandardEngine    : Starting Servlet engine: [Apache Tomcat/10.1.16]
2025-11-17T12:07:04.502+03:00  INFO 25432 --- [recommendation-service] [restartedMain] o.a.c.c.C.[Tomcat].[localhost].[/]       : Initializing Spring embedded WebApplicationContext
2025-11-17T12:07:04.502+03:00  INFO 25432 --- [recommendation-service] [restartedMain] w.s.c.ServletWebServerApplicationContext : Root WebApplicationContext: initialization completed in 1486 ms
2025-11-17T12:07:05.918+03:00  WARN 25432 --- [recommendation-service] [restartedMain] o.s.b.d.a.OptionalLiveReloadServer       : Unable to start LiveReload server
2025-11-17T12:07:06.080+03:00  INFO 25432 --- [recommendation-service] [restartedMain] DiscoveryClientOptionalArgsConfiguration : Eureka HTTP Client uses RestTemplate.
2025-11-17T12:07:06.133+03:00  WARN 25432 --- [recommendation-service] [restartedMain] iguration$LoadBalancerCaffeineWarnLogger : Spring Cloud LoadBalancer is currently working with the default cache. While this cache implementation is useful for development and tests, it's recommended to use Caffeine cache in production.You can switch to using Caffeine cache, by adding it and org.springframework.cache.caffeine.CaffeineCacheManager to the classpath.
2025-11-17T12:07:06.179+03:00  INFO 25432 --- [recommendation-service] [restartedMain] o.s.b.a.e.web.EndpointLinksResolver      : Exposing 17 endpoint(s) beneath base path '/actuator'
2025-11-17T12:07:06.247+03:00  INFO 25432 --- [recommendation-service] [restartedMain] o.s.c.n.eureka.InstanceInfoFactory       : Setting initial instance status as: STARTING
2025-11-17T12:07:06.329+03:00  INFO 25432 --- [recommendation-service] [restartedMain] com.netflix.discovery.DiscoveryClient    : Initializing Eureka in region us-east-1
2025-11-17T12:07:06.335+03:00  INFO 25432 --- [recommendation-service] [restartedMain] c.n.d.s.r.aws.ConfigClusterResolver      : Resolving eureka endpoints via configuration
2025-11-17T12:07:06.367+03:00  INFO 25432 --- [recommendation-service] [restartedMain] com.netflix.discovery.DiscoveryClient    : Disable delta property : false
2025-11-17T12:07:06.367+03:00  INFO 25432 --- [recommendation-service] [restartedMain] com.netflix.discovery.DiscoveryClient    : Single vip registry refresh property : null
2025-11-17T12:07:06.367+03:00  INFO 25432 --- [recommendation-service] [restartedMain] com.netflix.discovery.DiscoveryClient    : Force full registry fetch : false
2025-11-17T12:07:06.368+03:00  INFO 25432 --- [recommendation-service] [restartedMain] com.netflix.discovery.DiscoveryClient    : Application is null : false
2025-11-17T12:07:06.368+03:00  INFO 25432 --- [recommendation-service] [restartedMain] com.netflix.discovery.DiscoveryClient    : Registered Applications size is zero : true
2025-11-17T12:07:06.368+03:00  INFO 25432 --- [recommendation-service] [restartedMain] com.netflix.discovery.DiscoveryClient    : Application version is -1: true
2025-11-17T12:07:06.368+03:00  INFO 25432 --- [recommendation-service] [restartedMain] com.netflix.discovery.DiscoveryClient    : Getting all instance registry info from the eureka server
2025-11-17T12:07:06.614+03:00  INFO 25432 --- [recommendation-service] [restartedMain] com.netflix.discovery.DiscoveryClient    : The response status is 200
2025-11-17T12:07:06.617+03:00  INFO 25432 --- [recommendation-service] [restartedMain] com.netflix.discovery.DiscoveryClient    : Starting heartbeat executor: renew interval is: 30
2025-11-17T12:07:06.619+03:00  INFO 25432 --- [recommendation-service] [restartedMain] c.n.discovery.InstanceInfoReplicator     : InstanceInfoReplicator onDemand update allowed rate per min is 4
2025-11-17T12:07:06.622+03:00  INFO 25432 --- [recommendation-service] [restartedMain] com.netflix.discovery.DiscoveryClient    : Discovery Client initialized at timestamp 1763370426622 with initial instances count: 3
2025-11-17T12:07:06.629+03:00  INFO 25432 --- [recommendation-service] [restartedMain] o.s.c.n.e.s.EurekaServiceRegistry        : Registering application RECOMMENDATION-SERVICE with eureka with status UP
2025-11-17T12:07:06.630+03:00  INFO 25432 --- [recommendation-service] [restartedMain] com.netflix.discovery.DiscoveryClient    : Saw local status change event StatusChangeEvent [timestamp=1763370426630, current=UP, previous=STARTING]
2025-11-17T12:07:06.631+03:00  INFO 25432 --- [recommendation-service] [DiscoveryClient-InstanceInfoReplicator-0] com.netflix.discovery.DiscoveryClient    : DiscoveryClient_RECOMMENDATION-SERVICE/DESKTOP-56SKQVP:recommendation-service:8085: registering service...
2025-11-17T12:07:06.663+03:00  INFO 25432 --- [recommendation-service] [restartedMain] o.s.b.w.embedded.tomcat.TomcatWebServer  : Tomcat started on port 8085 (http) with context path ''
2025-11-17T12:07:06.664+03:00  INFO 25432 --- [recommendation-service] [restartedMain] .s.c.n.e.s.EurekaAutoServiceRegistration : Updating port to 8085
2025-11-17T12:07:06.669+03:00  INFO 25432 --- [recommendation-service] [DiscoveryClient-InstanceInfoReplicator-0] com.netflix.discovery.DiscoveryClient    : DiscoveryClient_RECOMMENDATION-SERVICE/DESKTOP-56SKQVP:recommendation-service:8085 - registration status: 204
2025-11-17T12:07:06.792+03:00  INFO 25432 --- [recommendation-service] [restartedMain] c.m.r.RecommendationServiceApplication   : Started RecommendationServiceApplication in 4.43 seconds (process running for 4.728)
2025-11-17T12:12:06.379+03:00  INFO 25432 --- [recommendation-service] [AsyncResolver-bootstrap-executor-0] c.n.d.s.r.aws.ConfigClusterResolver      : Resolving eureka endpoints via configuration
2025-11-17T12:17:06.386+03:00  INFO 25432 --- [recommendation-service] [AsyncResolver-bootstrap-executor-0] c.n.d.s.r.aws.ConfigClusterResolver      : Resolving eureka endpoints via configuration
2025-11-17T12:22:06.416+03:00  INFO 25432 --- [recommendation-service] [AsyncResolver-bootstrap-executor-0] c.n.d.s.r.aws.ConfigClusterResolver      : Resolving eureka endpoints via configuration
2025-11-17T12:27:06.433+03:00  INFO 25432 --- [recommendation-service] [AsyncResolver-bootstrap-executor-0] c.n.d.s.r.aws.ConfigClusterResolver      : Resolving eureka endpoints via configuration
2025-11-17T12:32:06.441+03:00  INFO 25432 --- [recommendation-service] [AsyncResolver-bootstrap-executor-0] c.n.d.s.r.aws.ConfigClusterResolver      : Resolving eureka endpoints via configuration
2025-11-17T12:37:06.456+03:00  INFO 25432 --- [recommendation-service] [AsyncResolver-bootstrap-executor-0] c.n.d.s.r.aws.ConfigClusterResolver      : Resolving eureka endpoints via configuration
2025-11-17T12:42:06.471+03:00  INFO 25432 --- [recommendation-service] [AsyncResolver-bootstrap-executor-0] c.n.d.s.r.aws.ConfigClusterResolver      : Resolving eureka endpoints via configuration
2025-11-17T12:47:06.479+03:00  INFO 25432 --- [recommendation-service] [AsyncResolver-bootstrap-executor-0] c.n.d.s.r.aws.ConfigClusterResolver      : Resolving eureka endpoints via configuration
2025-11-17T12:52:06.483+03:00  INFO 25432 --- [recommendation-service] [AsyncResolver-bootstrap-executor-0] c.n.d.s.r.aws.ConfigClusterResolver      : Resolving eureka endpoints via configuration
2025-11-17T12:57:06.491+03:00  INFO 25432 --- [recommendation-service] [AsyncResolver-bootstrap-executor-0] c.n.d.s.r.aws.ConfigClusterResolver      : Resolving eureka endpoints via configuration
2025-11-17T13:02:06.499+03:00  INFO 25432 --- [recommendation-service] [AsyncResolver-bootstrap-executor-0] c.n.d.s.r.aws.ConfigClusterResolver      : Resolving eureka endpoints via configuration
2025-11-17T13:07:06.504+03:00  INFO 25432 --- [recommendation-service] [AsyncResolver-bootstrap-executor-0] c.n.d.s.r.aws.ConfigClusterResolver      : Resolving eureka endpoints via configuration
2025-11-17T13:12:06.512+03:00  INFO 25432 --- [recommendation-service] [AsyncResolver-bootstrap-executor-0] c.n.d.s.r.aws.ConfigClusterResolver      : Resolving eureka endpoints via configuration
2025-11-17T13:17:06.515+03:00  INFO 25432 --- [recommendation-service] [AsyncResolver-bootstrap-executor-0] c.n.d.s.r.aws.ConfigClusterResolver      : Resolving eureka endpoints via configuration
2025-11-17T13:22:06.530+03:00  INFO 25432 --- [recommendation-service] [AsyncResolver-bootstrap-executor-0] c.n.d.s.r.aws.ConfigClusterResolver      : Resolving eureka endpoints via configuration
2025-11-17T13:27:06.574+03:00  INFO 25432 --- [recommendation-service] [AsyncResolver-bootstrap-executor-0] c.n.d.s.r.aws.ConfigClusterResolver      : Resolving eureka endpoints via configuration
