2025-11-17T12:06:58.250+03:00  INFO 24100 --- [analytics-service] [restartedMain] c.m.a.AnalyticsServiceApplication        : Starting AnalyticsServiceApplication using Java 17.0.12 with PID 24100 (C:\pract\chibuk\PROEKT MUSIC SYTE\music_proj_www\analytics-service\target\classes started by Redmibook in C:\pract\chibuk\PROEKT MUSIC SYTE\music_proj_www\analytics-service)
2025-11-17T12:06:58.261+03:00  INFO 24100 --- [analytics-service] [restartedMain] c.m.a.AnalyticsServiceApplication        : No active profile set, falling back to 1 default profile: "default"
2025-11-17T12:06:58.293+03:00  INFO 24100 --- [analytics-service] [restartedMain] o.s.c.c.c.ConfigServerConfigDataLoader   : Fetching config from server at : http://localhost:8888
2025-11-17T12:06:58.300+03:00  INFO 24100 --- [analytics-service] [restartedMain] o.s.c.c.c.ConfigServerConfigDataLoader   : Located environment: name=analytics-service, profiles=[default], label=null, version=null, state=null
2025-11-17T12:06:58.302+03:00  INFO 24100 --- [analytics-service] [restartedMain] .e.DevToolsPropertyDefaultsPostProcessor : Devtools property defaults active! Set 'spring.devtools.add-properties' to 'false' to disable
2025-11-17T12:06:58.302+03:00  INFO 24100 --- [analytics-service] [restartedMain] .e.DevToolsPropertyDefaultsPostProcessor : For additional web related logging consider setting the 'logging.level.web' property to 'DEBUG'
2025-11-17T12:06:59.341+03:00  INFO 24100 --- [analytics-service] [restartedMain] .s.d.r.c.RepositoryConfigurationDelegate : Bootstrapping Spring Data JPA repositories in DEFAULT mode.
2025-11-17T12:06:59.353+03:00  INFO 24100 --- [analytics-service] [restartedMain] .s.d.r.c.RepositoryConfigurationDelegate : Finished Spring Data repository scanning in 10 ms. Found 0 JPA repository interfaces.
2025-11-17T12:06:59.602+03:00  INFO 24100 --- [analytics-service] [restartedMain] o.s.cloud.context.scope.GenericScope     : BeanFactory id=98c1c1b6-2d51-3667-8f5d-f1e674664529
2025-11-17T12:06:59.969+03:00  WARN 24100 --- [analytics-service] [restartedMain] trationDelegate$BeanPostProcessorChecker : Bean 'org.springframework.cloud.client.loadbalancer.LoadBalancerAutoConfiguration$LoadBalancerInterceptorConfig' of type [org.springframework.cloud.client.loadbalancer.LoadBalancerAutoConfiguration$LoadBalancerInterceptorConfig] is not eligible for getting processed by all BeanPostProcessors (for example: not eligible for auto-proxying). The currently created BeanPostProcessor [lbRestClientPostProcessor] is declared through a non-static factory method on that class; consider declaring it as static instead.
2025-11-17T12:06:59.980+03:00  WARN 24100 --- [analytics-service] [restartedMain] trationDelegate$BeanPostProcessorChecker : Bean 'org.springframework.cloud.loadbalancer.config.BlockingLoadBalancerClientAutoConfiguration' of type [org.springframework.cloud.loadbalancer.config.BlockingLoadBalancerClientAutoConfiguration] is not eligible for getting processed by all BeanPostProcessors (for example: not eligible for auto-proxying). Is this bean getting eagerly injected into a currently created BeanPostProcessor [lbRestClientPostProcessor]? Check the corresponding BeanPostProcessor declaration and its dependencies.
2025-11-17T12:06:59.980+03:00  WARN 24100 --- [analytics-service] [restartedMain] trationDelegate$BeanPostProcessorChecker : Bean 'org.springframework.cloud.loadbalancer.config.LoadBalancerAutoConfiguration' of type [org.springframework.cloud.loadbalancer.config.LoadBalancerAutoConfiguration] is not eligible for getting processed by all BeanPostProcessors (for example: not eligible for auto-proxying). Is this bean getting eagerly injected into a currently created BeanPostProcessor [lbRestClientPostProcessor]? Check the corresponding BeanPostProcessor declaration and its dependencies.
2025-11-17T12:06:59.998+03:00  WARN 24100 --- [analytics-service] [restartedMain] trationDelegate$BeanPostProcessorChecker : Bean 'org.springframework.cloud.commons.config.CommonsConfigAutoConfiguration' of type [org.springframework.cloud.commons.config.CommonsConfigAutoConfiguration] is not eligible for getting processed by all BeanPostProcessors (for example: not eligible for auto-proxying). Is this bean getting eagerly injected into a currently created BeanPostProcessor [lbRestClientPostProcessor]? Check the corresponding BeanPostProcessor declaration and its dependencies.
2025-11-17T12:06:59.999+03:00  WARN 24100 --- [analytics-service] [restartedMain] trationDelegate$BeanPostProcessorChecker : Bean 'org.springframework.cloud.client.loadbalancer.LoadBalancerDefaultMappingsProviderAutoConfiguration' of type [org.springframework.cloud.client.loadbalancer.LoadBalancerDefaultMappingsProviderAutoConfiguration] is not eligible for getting processed by all BeanPostProcessors (for example: not eligible for auto-proxying). Is this bean getting eagerly injected into a currently created BeanPostProcessor [lbRestClientPostProcessor]? Check the corresponding BeanPostProcessor declaration and its dependencies.
2025-11-17T12:06:59.999+03:00  WARN 24100 --- [analytics-service] [restartedMain] trationDelegate$BeanPostProcessorChecker : Bean 'loadBalancerClientsDefaultsMappingsProvider' of type [org.springframework.cloud.client.loadbalancer.LoadBalancerDefaultMappingsProviderAutoConfiguration$$Lambda$630/0x000002dc1f4fd5a0] is not eligible for getting processed by all BeanPostProcessors (for example: not eligible for auto-proxying). Is this bean getting eagerly injected into a currently created BeanPostProcessor [lbRestClientPostProcessor]? Check the corresponding BeanPostProcessor declaration and its dependencies.
2025-11-17T12:07:00.012+03:00  WARN 24100 --- [analytics-service] [restartedMain] trationDelegate$BeanPostProcessorChecker : Bean 'defaultsBindHandlerAdvisor' of type [org.springframework.cloud.commons.config.DefaultsBindHandlerAdvisor] is not eligible for getting processed by all BeanPostProcessors (for example: not eligible for auto-proxying). Is this bean getting eagerly injected into a currently created BeanPostProcessor [lbRestClientPostProcessor]? Check the corresponding BeanPostProcessor declaration and its dependencies.
2025-11-17T12:07:00.021+03:00  WARN 24100 --- [analytics-service] [restartedMain] trationDelegate$BeanPostProcessorChecker : Bean 'spring.cloud.loadbalancer-org.springframework.cloud.client.loadbalancer.LoadBalancerClientsProperties' of type [org.springframework.cloud.client.loadbalancer.LoadBalancerClientsProperties] is not eligible for getting processed by all BeanPostProcessors (for example: not eligible for auto-proxying). Is this bean getting eagerly injected into a currently created BeanPostProcessor [lbRestClientPostProcessor]? Check the corresponding BeanPostProcessor declaration and its dependencies.
2025-11-17T12:07:00.031+03:00  WARN 24100 --- [analytics-service] [restartedMain] trationDelegate$BeanPostProcessorChecker : Bean 'default.org.springframework.cloud.loadbalancer.config.LoadBalancerAutoConfiguration.LoadBalancerClientSpecification' of type [org.springframework.cloud.loadbalancer.annotation.LoadBalancerClientSpecification] is not eligible for getting processed by all BeanPostProcessors (for example: not eligible for auto-proxying). Is this bean getting eagerly injected into a currently created BeanPostProcessor [lbRestClientPostProcessor]? Check the corresponding BeanPostProcessor declaration and its dependencies.
2025-11-17T12:07:00.042+03:00  WARN 24100 --- [analytics-service] [restartedMain] trationDelegate$BeanPostProcessorChecker : Bean 'default.org.springframework.cloud.loadbalancer.config.BlockingLoadBalancerClientAutoConfiguration.LoadBalancerClientSpecification' of type [org.springframework.cloud.loadbalancer.annotation.LoadBalancerClientSpecification] is not eligible for getting processed by all BeanPostProcessors (for example: not eligible for auto-proxying). Is this bean getting eagerly injected into a currently created BeanPostProcessor [lbRestClientPostProcessor]? Check the corresponding BeanPostProcessor declaration and its dependencies.
2025-11-17T12:07:00.043+03:00  WARN 24100 --- [analytics-service] [restartedMain] trationDelegate$BeanPostProcessorChecker : Bean 'default.org.springframework.cloud.netflix.eureka.loadbalancer.LoadBalancerEurekaAutoConfiguration.LoadBalancerClientSpecification' of type [org.springframework.cloud.loadbalancer.annotation.LoadBalancerClientSpecification] is not eligible for getting processed by all BeanPostProcessors (for example: not eligible for auto-proxying). Is this bean getting eagerly injected into a currently created BeanPostProcessor [lbRestClientPostProcessor]? Check the corresponding BeanPostProcessor declaration and its dependencies.
2025-11-17T12:07:00.043+03:00  WARN 24100 --- [analytics-service] [restartedMain] trationDelegate$BeanPostProcessorChecker : Bean 'loadBalancerClientFactory' of type [org.springframework.cloud.loadbalancer.support.LoadBalancerClientFactory] is not eligible for getting processed by all BeanPostProcessors (for example: not eligible for auto-proxying). Is this bean getting eagerly injected into a currently created BeanPostProcessor [lbRestClientPostProcessor]? Check the corresponding BeanPostProcessor declaration and its dependencies.
2025-11-17T12:07:00.053+03:00  WARN 24100 --- [analytics-service] [restartedMain] trationDelegate$BeanPostProcessorChecker : Bean 'blockingLoadBalancerClient' of type [org.springframework.cloud.loadbalancer.blocking.client.BlockingLoadBalancerClient] is not eligible for getting processed by all BeanPostProcessors (for example: not eligible for auto-proxying). Is this bean getting eagerly injected into a currently created BeanPostProcessor [lbRestClientPostProcessor]? Check the corresponding BeanPostProcessor declaration and its dependencies.
2025-11-17T12:07:00.064+03:00  WARN 24100 --- [analytics-service] [restartedMain] trationDelegate$BeanPostProcessorChecker : Bean 'loadBalancerServiceInstanceCookieTransformer' of type [org.springframework.cloud.loadbalancer.core.LoadBalancerServiceInstanceCookieTransformer] is not eligible for getting processed by all BeanPostProcessors (for example: not eligible for auto-proxying). Is this bean getting eagerly injected into a currently created BeanPostProcessor [lbRestClientPostProcessor]? Check the corresponding BeanPostProcessor declaration and its dependencies.
2025-11-17T12:07:00.064+03:00  WARN 24100 --- [analytics-service] [restartedMain] trationDelegate$BeanPostProcessorChecker : Bean 'xForwarderHeadersTransformer' of type [org.springframework.cloud.loadbalancer.blocking.XForwardedHeadersTransformer] is not eligible for getting processed by all BeanPostProcessors (for example: not eligible for auto-proxying). Is this bean getting eagerly injected into a currently created BeanPostProcessor [lbRestClientPostProcessor]? Check the corresponding BeanPostProcessor declaration and its dependencies.
2025-11-17T12:07:00.064+03:00  WARN 24100 --- [analytics-service] [restartedMain] trationDelegate$BeanPostProcessorChecker : Bean 'org.springframework.cloud.client.loadbalancer.LoadBalancerAutoConfiguration' of type [org.springframework.cloud.client.loadbalancer.LoadBalancerAutoConfiguration] is not eligible for getting processed by all BeanPostProcessors (for example: not eligible for auto-proxying). Is this bean getting eagerly injected into a currently created BeanPostProcessor [lbRestClientPostProcessor]? Check the corresponding BeanPostProcessor declaration and its dependencies.
2025-11-17T12:07:00.075+03:00  WARN 24100 --- [analytics-service] [restartedMain] trationDelegate$BeanPostProcessorChecker : Bean 'loadBalancerRequestFactory' of type [org.springframework.cloud.client.loadbalancer.LoadBalancerRequestFactory] is not eligible for getting processed by all BeanPostProcessors (for example: not eligible for auto-proxying). Is this bean getting eagerly injected into a currently created BeanPostProcessor [lbRestClientPostProcessor]? Check the corresponding BeanPostProcessor declaration and its dependencies.
2025-11-17T12:07:00.075+03:00  WARN 24100 --- [analytics-service] [restartedMain] trationDelegate$BeanPostProcessorChecker : Bean 'loadBalancerInterceptor' of type [org.springframework.cloud.client.loadbalancer.LoadBalancerInterceptor] is not eligible for getting processed by all BeanPostProcessors (for example: not eligible for auto-proxying). Is this bean getting eagerly injected into a currently created BeanPostProcessor [lbRestClientPostProcessor]? Check the corresponding BeanPostProcessor declaration and its dependencies.
2025-11-17T12:07:00.537+03:00  INFO 24100 --- [analytics-service] [restartedMain] o.s.b.w.embedded.tomcat.TomcatWebServer  : Tomcat initialized with port 8084 (http)
2025-11-17T12:07:00.548+03:00  INFO 24100 --- [analytics-service] [restartedMain] o.apache.catalina.core.StandardService   : Starting service [Tomcat]
2025-11-17T12:07:00.549+03:00  INFO 24100 --- [analytics-service] [restartedMain] o.apache.catalina.core.StandardEngine    : Starting Servlet engine: [Apache Tomcat/10.1.16]
2025-11-17T12:07:00.604+03:00  INFO 24100 --- [analytics-service] [restartedMain] o.a.c.c.C.[Tomcat].[localhost].[/]       : Initializing Spring embedded WebApplicationContext
2025-11-17T12:07:00.605+03:00  INFO 24100 --- [analytics-service] [restartedMain] w.s.c.ServletWebServerApplicationContext : Root WebApplicationContext: initialization completed in 2303 ms
2025-11-17T12:07:01.024+03:00  INFO 24100 --- [analytics-service] [restartedMain] o.hibernate.jpa.internal.util.LogHelper  : HHH000204: Processing PersistenceUnitInfo [name: default]
2025-11-17T12:07:01.088+03:00  INFO 24100 --- [analytics-service] [restartedMain] org.hibernate.Version                    : HHH000412: Hibernate ORM core version 6.3.1.Final
2025-11-17T12:07:01.125+03:00  INFO 24100 --- [analytics-service] [restartedMain] o.h.c.internal.RegionFactoryInitiator    : HHH000026: Second-level cache disabled
2025-11-17T12:07:01.348+03:00  INFO 24100 --- [analytics-service] [restartedMain] o.s.o.j.p.SpringPersistenceUnitInfo      : No LoadTimeWeaver setup: ignoring JPA class transformer
2025-11-17T12:07:01.375+03:00  INFO 24100 --- [analytics-service] [restartedMain] com.zaxxer.hikari.HikariDataSource       : AnalyticsServiceHikariPool - Starting...
2025-11-17T12:07:01.501+03:00  INFO 24100 --- [analytics-service] [restartedMain] com.zaxxer.hikari.pool.HikariPool        : AnalyticsServiceHikariPool - Added connection org.postgresql.jdbc.PgConnection@b2030c5
2025-11-17T12:07:01.503+03:00  INFO 24100 --- [analytics-service] [restartedMain] com.zaxxer.hikari.HikariDataSource       : AnalyticsServiceHikariPool - Start completed.
2025-11-17T12:07:01.533+03:00  WARN 24100 --- [analytics-service] [restartedMain] org.hibernate.orm.deprecation            : HHH90000025: PostgreSQLDialect does not need to be specified explicitly using 'hibernate.dialect' (remove the property setting and it will be selected by default)
2025-11-17T12:07:01.836+03:00  INFO 24100 --- [analytics-service] [restartedMain] o.h.e.t.j.p.i.JtaPlatformInitiator       : HHH000489: No JTA platform available (set 'hibernate.transaction.jta.platform' to enable JTA platform integration)
2025-11-17T12:07:01.840+03:00  INFO 24100 --- [analytics-service] [restartedMain] j.LocalContainerEntityManagerFactoryBean : Initialized JPA EntityManagerFactory for persistence unit 'default'
2025-11-17T12:07:02.074+03:00  WARN 24100 --- [analytics-service] [restartedMain] JpaBaseConfiguration$JpaWebConfiguration : spring.jpa.open-in-view is enabled by default. Therefore, database queries may be performed during view rendering. Explicitly configure spring.jpa.open-in-view to disable this warning
2025-11-17T12:07:03.767+03:00  WARN 24100 --- [analytics-service] [restartedMain] o.s.b.d.a.OptionalLiveReloadServer       : Unable to start LiveReload server
2025-11-17T12:07:03.904+03:00  INFO 24100 --- [analytics-service] [restartedMain] DiscoveryClientOptionalArgsConfiguration : Eureka HTTP Client uses RestTemplate.
2025-11-17T12:07:03.970+03:00  WARN 24100 --- [analytics-service] [restartedMain] iguration$LoadBalancerCaffeineWarnLogger : Spring Cloud LoadBalancer is currently working with the default cache. While this cache implementation is useful for development and tests, it's recommended to use Caffeine cache in production.You can switch to using Caffeine cache, by adding it and org.springframework.cache.caffeine.CaffeineCacheManager to the classpath.
2025-11-17T12:07:03.985+03:00  INFO 24100 --- [analytics-service] [restartedMain] o.s.b.a.e.web.EndpointLinksResolver      : Exposing 27 endpoint(s) beneath base path '/actuator'
2025-11-17T12:07:04.066+03:00  INFO 24100 --- [analytics-service] [restartedMain] o.s.c.n.eureka.InstanceInfoFactory       : Setting initial instance status as: STARTING
2025-11-17T12:07:04.137+03:00  INFO 24100 --- [analytics-service] [restartedMain] com.netflix.discovery.DiscoveryClient    : Initializing Eureka in region us-east-1
2025-11-17T12:07:04.143+03:00  INFO 24100 --- [analytics-service] [restartedMain] c.n.d.s.r.aws.ConfigClusterResolver      : Resolving eureka endpoints via configuration
2025-11-17T12:07:04.167+03:00  INFO 24100 --- [analytics-service] [restartedMain] com.netflix.discovery.DiscoveryClient    : Disable delta property : false
2025-11-17T12:07:04.167+03:00  INFO 24100 --- [analytics-service] [restartedMain] com.netflix.discovery.DiscoveryClient    : Single vip registry refresh property : null
2025-11-17T12:07:04.167+03:00  INFO 24100 --- [analytics-service] [restartedMain] com.netflix.discovery.DiscoveryClient    : Force full registry fetch : false
2025-11-17T12:07:04.168+03:00  INFO 24100 --- [analytics-service] [restartedMain] com.netflix.discovery.DiscoveryClient    : Application is null : false
2025-11-17T12:07:04.168+03:00  INFO 24100 --- [analytics-service] [restartedMain] com.netflix.discovery.DiscoveryClient    : Registered Applications size is zero : true
2025-11-17T12:07:04.168+03:00  INFO 24100 --- [analytics-service] [restartedMain] com.netflix.discovery.DiscoveryClient    : Application version is -1: true
2025-11-17T12:07:04.168+03:00  INFO 24100 --- [analytics-service] [restartedMain] com.netflix.discovery.DiscoveryClient    : Getting all instance registry info from the eureka server
2025-11-17T12:07:04.347+03:00  INFO 24100 --- [analytics-service] [restartedMain] com.netflix.discovery.DiscoveryClient    : The response status is 200
2025-11-17T12:07:04.350+03:00  INFO 24100 --- [analytics-service] [restartedMain] com.netflix.discovery.DiscoveryClient    : Starting heartbeat executor: renew interval is: 30
2025-11-17T12:07:04.352+03:00  INFO 24100 --- [analytics-service] [restartedMain] c.n.discovery.InstanceInfoReplicator     : InstanceInfoReplicator onDemand update allowed rate per min is 4
2025-11-17T12:07:04.357+03:00  INFO 24100 --- [analytics-service] [restartedMain] com.netflix.discovery.DiscoveryClient    : Discovery Client initialized at timestamp 1763370424355 with initial instances count: 3
2025-11-17T12:07:04.369+03:00  INFO 24100 --- [analytics-service] [restartedMain] o.s.c.n.e.s.EurekaServiceRegistry        : Registering application ANALYTICS-SERVICE with eureka with status UP
2025-11-17T12:07:04.369+03:00  INFO 24100 --- [analytics-service] [restartedMain] com.netflix.discovery.DiscoveryClient    : Saw local status change event StatusChangeEvent [timestamp=1763370424369, current=UP, previous=STARTING]
2025-11-17T12:07:04.371+03:00  INFO 24100 --- [analytics-service] [DiscoveryClient-InstanceInfoReplicator-0] com.netflix.discovery.DiscoveryClient    : DiscoveryClient_ANALYTICS-SERVICE/DESKTOP-56SKQVP:analytics-service:8084: registering service...
2025-11-17T12:07:04.395+03:00  INFO 24100 --- [analytics-service] [restartedMain] o.s.b.w.embedded.tomcat.TomcatWebServer  : Tomcat started on port 8084 (http) with context path ''
2025-11-17T12:07:04.396+03:00  INFO 24100 --- [analytics-service] [restartedMain] .s.c.n.e.s.EurekaAutoServiceRegistration : Updating port to 8084
2025-11-17T12:07:04.408+03:00  INFO 24100 --- [analytics-service] [DiscoveryClient-InstanceInfoReplicator-0] com.netflix.discovery.DiscoveryClient    : DiscoveryClient_ANALYTICS-SERVICE/DESKTOP-56SKQVP:analytics-service:8084 - registration status: 204
2025-11-17T12:07:04.483+03:00  INFO 24100 --- [analytics-service] [restartedMain] c.m.a.AnalyticsServiceApplication        : Started AnalyticsServiceApplication in 6.84 seconds (process running for 7.173)
2025-11-17T12:07:58.562+03:00  INFO 24100 --- [analytics-service] [http-nio-8084-exec-2] o.a.c.c.C.[Tomcat].[localhost].[/]       : Initializing Spring DispatcherServlet 'dispatcherServlet'
2025-11-17T12:07:58.564+03:00  INFO 24100 --- [analytics-service] [http-nio-8084-exec-2] o.s.web.servlet.DispatcherServlet        : Initializing Servlet 'dispatcherServlet'
2025-11-17T12:07:58.564+03:00  INFO 24100 --- [analytics-service] [http-nio-8084-exec-2] o.s.web.servlet.DispatcherServlet        : Completed initialization in 0 ms
2025-11-17T12:12:04.181+03:00  INFO 24100 --- [analytics-service] [AsyncResolver-bootstrap-executor-0] c.n.d.s.r.aws.ConfigClusterResolver      : Resolving eureka endpoints via configuration
2025-11-17T12:17:04.185+03:00  INFO 24100 --- [analytics-service] [AsyncResolver-bootstrap-executor-0] c.n.d.s.r.aws.ConfigClusterResolver      : Resolving eureka endpoints via configuration
2025-11-17T12:22:04.197+03:00  INFO 24100 --- [analytics-service] [AsyncResolver-bootstrap-executor-0] c.n.d.s.r.aws.ConfigClusterResolver      : Resolving eureka endpoints via configuration
2025-11-17T12:27:04.209+03:00  INFO 24100 --- [analytics-service] [AsyncResolver-bootstrap-executor-0] c.n.d.s.r.aws.ConfigClusterResolver      : Resolving eureka endpoints via configuration
2025-11-17T12:32:04.216+03:00  INFO 24100 --- [analytics-service] [AsyncResolver-bootstrap-executor-0] c.n.d.s.r.aws.ConfigClusterResolver      : Resolving eureka endpoints via configuration
2025-11-17T12:37:04.221+03:00  INFO 24100 --- [analytics-service] [AsyncResolver-bootstrap-executor-0] c.n.d.s.r.aws.ConfigClusterResolver      : Resolving eureka endpoints via configuration
2025-11-17T12:42:04.231+03:00  INFO 24100 --- [analytics-service] [AsyncResolver-bootstrap-executor-0] c.n.d.s.r.aws.ConfigClusterResolver      : Resolving eureka endpoints via configuration
2025-11-17T12:47:04.240+03:00  INFO 24100 --- [analytics-service] [AsyncResolver-bootstrap-executor-0] c.n.d.s.r.aws.ConfigClusterResolver      : Resolving eureka endpoints via configuration
2025-11-17T12:52:04.253+03:00  INFO 24100 --- [analytics-service] [AsyncResolver-bootstrap-executor-0] c.n.d.s.r.aws.ConfigClusterResolver      : Resolving eureka endpoints via configuration
2025-11-17T12:57:04.264+03:00  INFO 24100 --- [analytics-service] [AsyncResolver-bootstrap-executor-0] c.n.d.s.r.aws.ConfigClusterResolver      : Resolving eureka endpoints via configuration
2025-11-17T13:02:04.266+03:00  INFO 24100 --- [analytics-service] [AsyncResolver-bootstrap-executor-0] c.n.d.s.r.aws.ConfigClusterResolver      : Resolving eureka endpoints via configuration
2025-11-17T13:07:04.270+03:00  INFO 24100 --- [analytics-service] [AsyncResolver-bootstrap-executor-0] c.n.d.s.r.aws.ConfigClusterResolver      : Resolving eureka endpoints via configuration
2025-11-17T13:12:04.282+03:00  INFO 24100 --- [analytics-service] [AsyncResolver-bootstrap-executor-0] c.n.d.s.r.aws.ConfigClusterResolver      : Resolving eureka endpoints via configuration
2025-11-17T13:17:04.291+03:00  INFO 24100 --- [analytics-service] [AsyncResolver-bootstrap-executor-0] c.n.d.s.r.aws.ConfigClusterResolver      : Resolving eureka endpoints via configuration
2025-11-17T13:22:04.307+03:00  INFO 24100 --- [analytics-service] [AsyncResolver-bootstrap-executor-0] c.n.d.s.r.aws.ConfigClusterResolver      : Resolving eureka endpoints via configuration
2025-11-17T13:27:04.324+03:00  INFO 24100 --- [analytics-service] [AsyncResolver-bootstrap-executor-0] c.n.d.s.r.aws.ConfigClusterResolver      : Resolving eureka endpoints via configuration
