2025-12-07T00:00:03.562+03:00 DEBUG 22228 --- [notification-service] [NotificationServiceHikariPool housekeeper] com.zaxxer.hikari.pool.HikariPool        : NotificationServiceHikariPool - Before cleanup stats (total=5, active=0, idle=5, waiting=0)
2025-12-07T00:00:03.562+03:00 DEBUG 22228 --- [notification-service] [NotificationServiceHikariPool housekeeper] com.zaxxer.hikari.pool.HikariPool        : NotificationServiceHikariPool - After cleanup  stats (total=5, active=0, idle=5, waiting=0)
2025-12-07T00:00:03.562+03:00 DEBUG 22228 --- [notification-service] [NotificationServiceHikariPool housekeeper] com.zaxxer.hikari.pool.HikariPool        : NotificationServiceHikariPool - Fill pool skipped, pool has sufficient level or currently being filled (queueDepth=0).
2025-12-07T00:00:33.572+03:00 DEBUG 22228 --- [notification-service] [NotificationServiceHikariPool housekeeper] com.zaxxer.hikari.pool.HikariPool        : NotificationServiceHikariPool - Before cleanup stats (total=5, active=0, idle=5, waiting=0)
2025-12-07T00:00:33.572+03:00 DEBUG 22228 --- [notification-service] [NotificationServiceHikariPool housekeeper] com.zaxxer.hikari.pool.HikariPool        : NotificationServiceHikariPool - After cleanup  stats (total=5, active=0, idle=5, waiting=0)
2025-12-07T00:00:33.573+03:00 DEBUG 22228 --- [notification-service] [NotificationServiceHikariPool housekeeper] com.zaxxer.hikari.pool.HikariPool        : NotificationServiceHikariPool - Fill pool skipped, pool has sufficient level or currently being filled (queueDepth=0).
2025-12-07T00:01:03.578+03:00 DEBUG 22228 --- [notification-service] [NotificationServiceHikariPool housekeeper] com.zaxxer.hikari.pool.HikariPool        : NotificationServiceHikariPool - Before cleanup stats (total=5, active=0, idle=5, waiting=0)
2025-12-07T00:01:03.578+03:00 DEBUG 22228 --- [notification-service] [NotificationServiceHikariPool housekeeper] com.zaxxer.hikari.pool.HikariPool        : NotificationServiceHikariPool - After cleanup  stats (total=5, active=0, idle=5, waiting=0)
2025-12-07T00:01:03.578+03:00 DEBUG 22228 --- [notification-service] [NotificationServiceHikariPool housekeeper] com.zaxxer.hikari.pool.HikariPool        : NotificationServiceHikariPool - Fill pool skipped, pool has sufficient level or currently being filled (queueDepth=0).
2025-12-07T00:01:33.581+03:00 DEBUG 22228 --- [notification-service] [NotificationServiceHikariPool housekeeper] com.zaxxer.hikari.pool.HikariPool        : NotificationServiceHikariPool - Before cleanup stats (total=5, active=0, idle=5, waiting=0)
2025-12-07T00:01:33.581+03:00 DEBUG 22228 --- [notification-service] [NotificationServiceHikariPool housekeeper] com.zaxxer.hikari.pool.HikariPool        : NotificationServiceHikariPool - After cleanup  stats (total=5, active=0, idle=5, waiting=0)
2025-12-07T00:01:33.581+03:00 DEBUG 22228 --- [notification-service] [NotificationServiceHikariPool housekeeper] com.zaxxer.hikari.pool.HikariPool        : NotificationServiceHikariPool - Fill pool skipped, pool has sufficient level or currently being filled (queueDepth=0).
2025-12-07T00:02:03.583+03:00 DEBUG 22228 --- [notification-service] [NotificationServiceHikariPool housekeeper] com.zaxxer.hikari.pool.HikariPool        : NotificationServiceHikariPool - Before cleanup stats (total=5, active=0, idle=5, waiting=0)
2025-12-07T00:02:03.583+03:00 DEBUG 22228 --- [notification-service] [NotificationServiceHikariPool housekeeper] com.zaxxer.hikari.pool.HikariPool        : NotificationServiceHikariPool - After cleanup  stats (total=5, active=0, idle=5, waiting=0)
2025-12-07T00:02:03.583+03:00 DEBUG 22228 --- [notification-service] [NotificationServiceHikariPool housekeeper] com.zaxxer.hikari.pool.HikariPool        : NotificationServiceHikariPool - Fill pool skipped, pool has sufficient level or currently being filled (queueDepth=0).
2025-12-07T00:02:09.956+03:00  INFO 22228 --- [notification-service] [AsyncResolver-bootstrap-executor-0] c.n.d.s.r.aws.ConfigClusterResolver      : Resolving eureka endpoints via configuration
2025-12-07T00:02:33.584+03:00 DEBUG 22228 --- [notification-service] [NotificationServiceHikariPool housekeeper] com.zaxxer.hikari.pool.HikariPool        : NotificationServiceHikariPool - Before cleanup stats (total=5, active=0, idle=5, waiting=0)
2025-12-07T00:02:33.585+03:00 DEBUG 22228 --- [notification-service] [NotificationServiceHikariPool housekeeper] com.zaxxer.hikari.pool.HikariPool        : NotificationServiceHikariPool - After cleanup  stats (total=5, active=0, idle=5, waiting=0)
2025-12-07T00:02:33.585+03:00 DEBUG 22228 --- [notification-service] [NotificationServiceHikariPool housekeeper] com.zaxxer.hikari.pool.HikariPool        : NotificationServiceHikariPool - Fill pool skipped, pool has sufficient level or currently being filled (queueDepth=0).
2025-12-07T00:03:03.587+03:00 DEBUG 22228 --- [notification-service] [NotificationServiceHikariPool housekeeper] com.zaxxer.hikari.pool.HikariPool        : NotificationServiceHikariPool - Before cleanup stats (total=5, active=0, idle=5, waiting=0)
2025-12-07T00:03:03.587+03:00 DEBUG 22228 --- [notification-service] [NotificationServiceHikariPool housekeeper] com.zaxxer.hikari.pool.HikariPool        : NotificationServiceHikariPool - After cleanup  stats (total=5, active=0, idle=5, waiting=0)
2025-12-07T00:03:03.587+03:00 DEBUG 22228 --- [notification-service] [NotificationServiceHikariPool housekeeper] com.zaxxer.hikari.pool.HikariPool        : NotificationServiceHikariPool - Fill pool skipped, pool has sufficient level or currently being filled (queueDepth=0).
2025-12-07T00:03:33.588+03:00 DEBUG 22228 --- [notification-service] [NotificationServiceHikariPool housekeeper] com.zaxxer.hikari.pool.HikariPool        : NotificationServiceHikariPool - Before cleanup stats (total=5, active=0, idle=5, waiting=0)
2025-12-07T00:03:33.588+03:00 DEBUG 22228 --- [notification-service] [NotificationServiceHikariPool housekeeper] com.zaxxer.hikari.pool.HikariPool        : NotificationServiceHikariPool - After cleanup  stats (total=5, active=0, idle=5, waiting=0)
2025-12-07T00:03:33.588+03:00 DEBUG 22228 --- [notification-service] [NotificationServiceHikariPool housekeeper] com.zaxxer.hikari.pool.HikariPool        : NotificationServiceHikariPool - Fill pool skipped, pool has sufficient level or currently being filled (queueDepth=0).
2025-12-07T00:04:03.591+03:00 DEBUG 22228 --- [notification-service] [NotificationServiceHikariPool housekeeper] com.zaxxer.hikari.pool.HikariPool        : NotificationServiceHikariPool - Before cleanup stats (total=5, active=0, idle=5, waiting=0)
2025-12-07T00:04:03.591+03:00 DEBUG 22228 --- [notification-service] [NotificationServiceHikariPool housekeeper] com.zaxxer.hikari.pool.HikariPool        : NotificationServiceHikariPool - After cleanup  stats (total=5, active=0, idle=5, waiting=0)
2025-12-07T00:04:03.591+03:00 DEBUG 22228 --- [notification-service] [NotificationServiceHikariPool housekeeper] com.zaxxer.hikari.pool.HikariPool        : NotificationServiceHikariPool - Fill pool skipped, pool has sufficient level or currently being filled (queueDepth=0).
2025-12-07T00:04:33.594+03:00 DEBUG 22228 --- [notification-service] [NotificationServiceHikariPool housekeeper] com.zaxxer.hikari.pool.HikariPool        : NotificationServiceHikariPool - Before cleanup stats (total=5, active=0, idle=5, waiting=0)
2025-12-07T00:04:33.594+03:00 DEBUG 22228 --- [notification-service] [NotificationServiceHikariPool housekeeper] com.zaxxer.hikari.pool.HikariPool        : NotificationServiceHikariPool - After cleanup  stats (total=5, active=0, idle=5, waiting=0)
2025-12-07T00:04:33.594+03:00 DEBUG 22228 --- [notification-service] [NotificationServiceHikariPool housekeeper] com.zaxxer.hikari.pool.HikariPool        : NotificationServiceHikariPool - Fill pool skipped, pool has sufficient level or currently being filled (queueDepth=0).
2025-12-07T00:05:03.595+03:00 DEBUG 22228 --- [notification-service] [NotificationServiceHikariPool housekeeper] com.zaxxer.hikari.pool.HikariPool        : NotificationServiceHikariPool - Before cleanup stats (total=5, active=0, idle=5, waiting=0)
2025-12-07T00:05:03.595+03:00 DEBUG 22228 --- [notification-service] [NotificationServiceHikariPool housekeeper] com.zaxxer.hikari.pool.HikariPool        : NotificationServiceHikariPool - After cleanup  stats (total=5, active=0, idle=5, waiting=0)
2025-12-07T00:05:03.595+03:00 DEBUG 22228 --- [notification-service] [NotificationServiceHikariPool housekeeper] com.zaxxer.hikari.pool.HikariPool        : NotificationServiceHikariPool - Fill pool skipped, pool has sufficient level or currently being filled (queueDepth=0).
2025-12-07T00:05:33.599+03:00 DEBUG 22228 --- [notification-service] [NotificationServiceHikariPool housekeeper] com.zaxxer.hikari.pool.HikariPool        : NotificationServiceHikariPool - Before cleanup stats (total=5, active=0, idle=5, waiting=0)
2025-12-07T00:05:33.599+03:00 DEBUG 22228 --- [notification-service] [NotificationServiceHikariPool housekeeper] com.zaxxer.hikari.pool.HikariPool        : NotificationServiceHikariPool - After cleanup  stats (total=5, active=0, idle=5, waiting=0)
2025-12-07T00:05:33.599+03:00 DEBUG 22228 --- [notification-service] [NotificationServiceHikariPool housekeeper] com.zaxxer.hikari.pool.HikariPool        : NotificationServiceHikariPool - Fill pool skipped, pool has sufficient level or currently being filled (queueDepth=0).
2025-12-07T00:06:03.601+03:00 DEBUG 22228 --- [notification-service] [NotificationServiceHikariPool housekeeper] com.zaxxer.hikari.pool.HikariPool        : NotificationServiceHikariPool - Before cleanup stats (total=5, active=0, idle=5, waiting=0)
2025-12-07T00:06:03.601+03:00 DEBUG 22228 --- [notification-service] [NotificationServiceHikariPool housekeeper] com.zaxxer.hikari.pool.HikariPool        : NotificationServiceHikariPool - After cleanup  stats (total=5, active=0, idle=5, waiting=0)
2025-12-07T00:06:03.601+03:00 DEBUG 22228 --- [notification-service] [NotificationServiceHikariPool housekeeper] com.zaxxer.hikari.pool.HikariPool        : NotificationServiceHikariPool - Fill pool skipped, pool has sufficient level or currently being filled (queueDepth=0).
2025-12-07T00:06:33.603+03:00 DEBUG 22228 --- [notification-service] [NotificationServiceHikariPool housekeeper] com.zaxxer.hikari.pool.HikariPool        : NotificationServiceHikariPool - Before cleanup stats (total=5, active=0, idle=5, waiting=0)
2025-12-07T00:06:33.603+03:00 DEBUG 22228 --- [notification-service] [NotificationServiceHikariPool housekeeper] com.zaxxer.hikari.pool.HikariPool        : NotificationServiceHikariPool - After cleanup  stats (total=5, active=0, idle=5, waiting=0)
2025-12-07T00:06:33.603+03:00 DEBUG 22228 --- [notification-service] [NotificationServiceHikariPool housekeeper] com.zaxxer.hikari.pool.HikariPool        : NotificationServiceHikariPool - Fill pool skipped, pool has sufficient level or currently being filled (queueDepth=0).
2025-12-07T00:07:03.606+03:00 DEBUG 22228 --- [notification-service] [NotificationServiceHikariPool housekeeper] com.zaxxer.hikari.pool.HikariPool        : NotificationServiceHikariPool - Before cleanup stats (total=5, active=0, idle=5, waiting=0)
2025-12-07T00:07:03.606+03:00 DEBUG 22228 --- [notification-service] [NotificationServiceHikariPool housekeeper] com.zaxxer.hikari.pool.HikariPool        : NotificationServiceHikariPool - After cleanup  stats (total=5, active=0, idle=5, waiting=0)
2025-12-07T00:07:03.606+03:00 DEBUG 22228 --- [notification-service] [NotificationServiceHikariPool housekeeper] com.zaxxer.hikari.pool.HikariPool        : NotificationServiceHikariPool - Fill pool skipped, pool has sufficient level or currently being filled (queueDepth=0).
2025-12-07T00:07:09.966+03:00  INFO 22228 --- [notification-service] [AsyncResolver-bootstrap-executor-0] c.n.d.s.r.aws.ConfigClusterResolver      : Resolving eureka endpoints via configuration
2025-12-07T00:07:33.609+03:00 DEBUG 22228 --- [notification-service] [NotificationServiceHikariPool housekeeper] com.zaxxer.hikari.pool.HikariPool        : NotificationServiceHikariPool - Before cleanup stats (total=5, active=0, idle=5, waiting=0)
2025-12-07T00:07:33.610+03:00 DEBUG 22228 --- [notification-service] [NotificationServiceHikariPool housekeeper] com.zaxxer.hikari.pool.HikariPool        : NotificationServiceHikariPool - After cleanup  stats (total=5, active=0, idle=5, waiting=0)
2025-12-07T00:07:33.610+03:00 DEBUG 22228 --- [notification-service] [NotificationServiceHikariPool housekeeper] com.zaxxer.hikari.pool.HikariPool        : NotificationServiceHikariPool - Fill pool skipped, pool has sufficient level or currently being filled (queueDepth=0).
2025-12-07T00:08:03.611+03:00 DEBUG 22228 --- [notification-service] [NotificationServiceHikariPool housekeeper] com.zaxxer.hikari.pool.HikariPool        : NotificationServiceHikariPool - Before cleanup stats (total=5, active=0, idle=5, waiting=0)
2025-12-07T00:08:03.611+03:00 DEBUG 22228 --- [notification-service] [NotificationServiceHikariPool housekeeper] com.zaxxer.hikari.pool.HikariPool        : NotificationServiceHikariPool - After cleanup  stats (total=5, active=0, idle=5, waiting=0)
2025-12-07T00:08:03.611+03:00 DEBUG 22228 --- [notification-service] [NotificationServiceHikariPool housekeeper] com.zaxxer.hikari.pool.HikariPool        : NotificationServiceHikariPool - Fill pool skipped, pool has sufficient level or currently being filled (queueDepth=0).
2025-12-07T00:08:33.613+03:00 DEBUG 22228 --- [notification-service] [NotificationServiceHikariPool housekeeper] com.zaxxer.hikari.pool.HikariPool        : NotificationServiceHikariPool - Before cleanup stats (total=5, active=0, idle=5, waiting=0)
2025-12-07T00:08:33.613+03:00 DEBUG 22228 --- [notification-service] [NotificationServiceHikariPool housekeeper] com.zaxxer.hikari.pool.HikariPool        : NotificationServiceHikariPool - After cleanup  stats (total=5, active=0, idle=5, waiting=0)
2025-12-07T00:08:33.613+03:00 DEBUG 22228 --- [notification-service] [NotificationServiceHikariPool housekeeper] com.zaxxer.hikari.pool.HikariPool        : NotificationServiceHikariPool - Fill pool skipped, pool has sufficient level or currently being filled (queueDepth=0).
2025-12-07T00:09:03.615+03:00 DEBUG 22228 --- [notification-service] [NotificationServiceHikariPool housekeeper] com.zaxxer.hikari.pool.HikariPool        : NotificationServiceHikariPool - Before cleanup stats (total=5, active=0, idle=5, waiting=0)
2025-12-07T00:09:03.615+03:00 DEBUG 22228 --- [notification-service] [NotificationServiceHikariPool housekeeper] com.zaxxer.hikari.pool.HikariPool        : NotificationServiceHikariPool - After cleanup  stats (total=5, active=0, idle=5, waiting=0)
2025-12-07T00:09:03.615+03:00 DEBUG 22228 --- [notification-service] [NotificationServiceHikariPool housekeeper] com.zaxxer.hikari.pool.HikariPool        : NotificationServiceHikariPool - Fill pool skipped, pool has sufficient level or currently being filled (queueDepth=0).
2025-12-07T00:09:33.618+03:00 DEBUG 22228 --- [notification-service] [NotificationServiceHikariPool housekeeper] com.zaxxer.hikari.pool.HikariPool        : NotificationServiceHikariPool - Before cleanup stats (total=5, active=0, idle=5, waiting=0)
2025-12-07T00:09:33.618+03:00 DEBUG 22228 --- [notification-service] [NotificationServiceHikariPool housekeeper] com.zaxxer.hikari.pool.HikariPool        : NotificationServiceHikariPool - After cleanup  stats (total=5, active=0, idle=5, waiting=0)
2025-12-07T00:09:33.618+03:00 DEBUG 22228 --- [notification-service] [NotificationServiceHikariPool housekeeper] com.zaxxer.hikari.pool.HikariPool        : NotificationServiceHikariPool - Fill pool skipped, pool has sufficient level or currently being filled (queueDepth=0).
2025-12-07T00:10:03.620+03:00 DEBUG 22228 --- [notification-service] [NotificationServiceHikariPool housekeeper] com.zaxxer.hikari.pool.HikariPool        : NotificationServiceHikariPool - Before cleanup stats (total=5, active=0, idle=5, waiting=0)
2025-12-07T00:10:03.620+03:00 DEBUG 22228 --- [notification-service] [NotificationServiceHikariPool housekeeper] com.zaxxer.hikari.pool.HikariPool        : NotificationServiceHikariPool - After cleanup  stats (total=5, active=0, idle=5, waiting=0)
2025-12-07T00:10:03.620+03:00 DEBUG 22228 --- [notification-service] [NotificationServiceHikariPool housekeeper] com.zaxxer.hikari.pool.HikariPool        : NotificationServiceHikariPool - Fill pool skipped, pool has sufficient level or currently being filled (queueDepth=0).
2025-12-07T00:10:33.622+03:00 DEBUG 22228 --- [notification-service] [NotificationServiceHikariPool housekeeper] com.zaxxer.hikari.pool.HikariPool        : NotificationServiceHikariPool - Before cleanup stats (total=5, active=0, idle=5, waiting=0)
2025-12-07T00:10:33.622+03:00 DEBUG 22228 --- [notification-service] [NotificationServiceHikariPool housekeeper] com.zaxxer.hikari.pool.HikariPool        : NotificationServiceHikariPool - After cleanup  stats (total=5, active=0, idle=5, waiting=0)
2025-12-07T00:10:33.622+03:00 DEBUG 22228 --- [notification-service] [NotificationServiceHikariPool housekeeper] com.zaxxer.hikari.pool.HikariPool        : NotificationServiceHikariPool - Fill pool skipped, pool has sufficient level or currently being filled (queueDepth=0).
2025-12-07T00:11:03.625+03:00 DEBUG 22228 --- [notification-service] [NotificationServiceHikariPool housekeeper] com.zaxxer.hikari.pool.HikariPool        : NotificationServiceHikariPool - Before cleanup stats (total=5, active=0, idle=5, waiting=0)
2025-12-07T00:11:03.625+03:00 DEBUG 22228 --- [notification-service] [NotificationServiceHikariPool housekeeper] com.zaxxer.hikari.pool.HikariPool        : NotificationServiceHikariPool - After cleanup  stats (total=5, active=0, idle=5, waiting=0)
2025-12-07T00:11:03.625+03:00 DEBUG 22228 --- [notification-service] [NotificationServiceHikariPool housekeeper] com.zaxxer.hikari.pool.HikariPool        : NotificationServiceHikariPool - Fill pool skipped, pool has sufficient level or currently being filled (queueDepth=0).
2025-12-07T00:11:33.643+03:00 DEBUG 22228 --- [notification-service] [NotificationServiceHikariPool housekeeper] com.zaxxer.hikari.pool.HikariPool        : NotificationServiceHikariPool - Before cleanup stats (total=5, active=0, idle=5, waiting=0)
2025-12-07T00:11:33.643+03:00 DEBUG 22228 --- [notification-service] [NotificationServiceHikariPool housekeeper] com.zaxxer.hikari.pool.HikariPool        : NotificationServiceHikariPool - After cleanup  stats (total=5, active=0, idle=5, waiting=0)
2025-12-07T00:11:33.643+03:00 DEBUG 22228 --- [notification-service] [NotificationServiceHikariPool housekeeper] com.zaxxer.hikari.pool.HikariPool        : NotificationServiceHikariPool - Fill pool skipped, pool has sufficient level or currently being filled (queueDepth=0).
2025-12-07T00:12:03.646+03:00 DEBUG 22228 --- [notification-service] [NotificationServiceHikariPool housekeeper] com.zaxxer.hikari.pool.HikariPool        : NotificationServiceHikariPool - Before cleanup stats (total=5, active=0, idle=5, waiting=0)
2025-12-07T00:12:03.646+03:00 DEBUG 22228 --- [notification-service] [NotificationServiceHikariPool housekeeper] com.zaxxer.hikari.pool.HikariPool        : NotificationServiceHikariPool - After cleanup  stats (total=5, active=0, idle=5, waiting=0)
2025-12-07T00:12:03.646+03:00 DEBUG 22228 --- [notification-service] [NotificationServiceHikariPool housekeeper] com.zaxxer.hikari.pool.HikariPool        : NotificationServiceHikariPool - Fill pool skipped, pool has sufficient level or currently being filled (queueDepth=0).
2025-12-07T00:12:09.976+03:00  INFO 22228 --- [notification-service] [AsyncResolver-bootstrap-executor-0] c.n.d.s.r.aws.ConfigClusterResolver      : Resolving eureka endpoints via configuration
2025-12-07T00:12:33.649+03:00 DEBUG 22228 --- [notification-service] [NotificationServiceHikariPool housekeeper] com.zaxxer.hikari.pool.HikariPool        : NotificationServiceHikariPool - Before cleanup stats (total=5, active=0, idle=5, waiting=0)
2025-12-07T00:12:33.649+03:00 DEBUG 22228 --- [notification-service] [NotificationServiceHikariPool housekeeper] com.zaxxer.hikari.pool.HikariPool        : NotificationServiceHikariPool - After cleanup  stats (total=5, active=0, idle=5, waiting=0)
2025-12-07T00:12:33.649+03:00 DEBUG 22228 --- [notification-service] [NotificationServiceHikariPool housekeeper] com.zaxxer.hikari.pool.HikariPool        : NotificationServiceHikariPool - Fill pool skipped, pool has sufficient level or currently being filled (queueDepth=0).
2025-12-07T00:13:03.652+03:00 DEBUG 22228 --- [notification-service] [NotificationServiceHikariPool housekeeper] com.zaxxer.hikari.pool.HikariPool        : NotificationServiceHikariPool - Before cleanup stats (total=5, active=0, idle=5, waiting=0)
2025-12-07T00:13:03.652+03:00 DEBUG 22228 --- [notification-service] [NotificationServiceHikariPool housekeeper] com.zaxxer.hikari.pool.HikariPool        : NotificationServiceHikariPool - After cleanup  stats (total=5, active=0, idle=5, waiting=0)
2025-12-07T00:13:03.652+03:00 DEBUG 22228 --- [notification-service] [NotificationServiceHikariPool housekeeper] com.zaxxer.hikari.pool.HikariPool        : NotificationServiceHikariPool - Fill pool skipped, pool has sufficient level or currently being filled (queueDepth=0).
2025-12-07T00:13:33.653+03:00 DEBUG 22228 --- [notification-service] [NotificationServiceHikariPool housekeeper] com.zaxxer.hikari.pool.HikariPool        : NotificationServiceHikariPool - Before cleanup stats (total=5, active=0, idle=5, waiting=0)
2025-12-07T00:13:33.653+03:00 DEBUG 22228 --- [notification-service] [NotificationServiceHikariPool housekeeper] com.zaxxer.hikari.pool.HikariPool        : NotificationServiceHikariPool - After cleanup  stats (total=5, active=0, idle=5, waiting=0)
2025-12-07T00:13:33.653+03:00 DEBUG 22228 --- [notification-service] [NotificationServiceHikariPool housekeeper] com.zaxxer.hikari.pool.HikariPool        : NotificationServiceHikariPool - Fill pool skipped, pool has sufficient level or currently being filled (queueDepth=0).
2025-12-07T00:14:03.655+03:00 DEBUG 22228 --- [notification-service] [NotificationServiceHikariPool housekeeper] com.zaxxer.hikari.pool.HikariPool        : NotificationServiceHikariPool - Before cleanup stats (total=5, active=0, idle=5, waiting=0)
2025-12-07T00:14:03.655+03:00 DEBUG 22228 --- [notification-service] [NotificationServiceHikariPool housekeeper] com.zaxxer.hikari.pool.HikariPool        : NotificationServiceHikariPool - After cleanup  stats (total=5, active=0, idle=5, waiting=0)
2025-12-07T00:14:03.655+03:00 DEBUG 22228 --- [notification-service] [NotificationServiceHikariPool housekeeper] com.zaxxer.hikari.pool.HikariPool        : NotificationServiceHikariPool - Fill pool skipped, pool has sufficient level or currently being filled (queueDepth=0).
2025-12-07T00:14:33.657+03:00 DEBUG 22228 --- [notification-service] [NotificationServiceHikariPool housekeeper] com.zaxxer.hikari.pool.HikariPool        : NotificationServiceHikariPool - Before cleanup stats (total=5, active=0, idle=5, waiting=0)
2025-12-07T00:14:33.658+03:00 DEBUG 22228 --- [notification-service] [NotificationServiceHikariPool housekeeper] com.zaxxer.hikari.pool.HikariPool        : NotificationServiceHikariPool - After cleanup  stats (total=5, active=0, idle=5, waiting=0)
2025-12-07T00:14:33.658+03:00 DEBUG 22228 --- [notification-service] [NotificationServiceHikariPool housekeeper] com.zaxxer.hikari.pool.HikariPool        : NotificationServiceHikariPool - Fill pool skipped, pool has sufficient level or currently being filled (queueDepth=0).
2025-12-07T00:15:03.659+03:00 DEBUG 22228 --- [notification-service] [NotificationServiceHikariPool housekeeper] com.zaxxer.hikari.pool.HikariPool        : NotificationServiceHikariPool - Before cleanup stats (total=5, active=0, idle=5, waiting=0)
2025-12-07T00:15:03.659+03:00 DEBUG 22228 --- [notification-service] [NotificationServiceHikariPool housekeeper] com.zaxxer.hikari.pool.HikariPool        : NotificationServiceHikariPool - After cleanup  stats (total=5, active=0, idle=5, waiting=0)
2025-12-07T00:15:03.659+03:00 DEBUG 22228 --- [notification-service] [NotificationServiceHikariPool housekeeper] com.zaxxer.hikari.pool.HikariPool        : NotificationServiceHikariPool - Fill pool skipped, pool has sufficient level or currently being filled (queueDepth=0).
2025-12-07T00:15:33.661+03:00 DEBUG 22228 --- [notification-service] [NotificationServiceHikariPool housekeeper] com.zaxxer.hikari.pool.HikariPool        : NotificationServiceHikariPool - Before cleanup stats (total=5, active=0, idle=5, waiting=0)
2025-12-07T00:15:33.661+03:00 DEBUG 22228 --- [notification-service] [NotificationServiceHikariPool housekeeper] com.zaxxer.hikari.pool.HikariPool        : NotificationServiceHikariPool - After cleanup  stats (total=5, active=0, idle=5, waiting=0)
2025-12-07T00:15:33.662+03:00 DEBUG 22228 --- [notification-service] [NotificationServiceHikariPool housekeeper] com.zaxxer.hikari.pool.HikariPool        : NotificationServiceHikariPool - Fill pool skipped, pool has sufficient level or currently being filled (queueDepth=0).
2025-12-07T00:16:03.664+03:00 DEBUG 22228 --- [notification-service] [NotificationServiceHikariPool housekeeper] com.zaxxer.hikari.pool.HikariPool        : NotificationServiceHikariPool - Before cleanup stats (total=5, active=0, idle=5, waiting=0)
2025-12-07T00:16:03.664+03:00 DEBUG 22228 --- [notification-service] [NotificationServiceHikariPool housekeeper] com.zaxxer.hikari.pool.HikariPool        : NotificationServiceHikariPool - After cleanup  stats (total=5, active=0, idle=5, waiting=0)
2025-12-07T00:16:03.664+03:00 DEBUG 22228 --- [notification-service] [NotificationServiceHikariPool housekeeper] com.zaxxer.hikari.pool.HikariPool        : NotificationServiceHikariPool - Fill pool skipped, pool has sufficient level or currently being filled (queueDepth=0).
2025-12-07T00:16:33.667+03:00 DEBUG 22228 --- [notification-service] [NotificationServiceHikariPool housekeeper] com.zaxxer.hikari.pool.HikariPool        : NotificationServiceHikariPool - Before cleanup stats (total=5, active=0, idle=5, waiting=0)
2025-12-07T00:16:33.667+03:00 DEBUG 22228 --- [notification-service] [NotificationServiceHikariPool housekeeper] com.zaxxer.hikari.pool.HikariPool        : NotificationServiceHikariPool - After cleanup  stats (total=5, active=0, idle=5, waiting=0)
2025-12-07T00:16:33.667+03:00 DEBUG 22228 --- [notification-service] [NotificationServiceHikariPool housekeeper] com.zaxxer.hikari.pool.HikariPool        : NotificationServiceHikariPool - Fill pool skipped, pool has sufficient level or currently being filled (queueDepth=0).
2025-12-07T00:17:03.669+03:00 DEBUG 22228 --- [notification-service] [NotificationServiceHikariPool housekeeper] com.zaxxer.hikari.pool.HikariPool        : NotificationServiceHikariPool - Before cleanup stats (total=5, active=0, idle=5, waiting=0)
2025-12-07T00:17:03.669+03:00 DEBUG 22228 --- [notification-service] [NotificationServiceHikariPool housekeeper] com.zaxxer.hikari.pool.HikariPool        : NotificationServiceHikariPool - After cleanup  stats (total=5, active=0, idle=5, waiting=0)
2025-12-07T00:17:03.669+03:00 DEBUG 22228 --- [notification-service] [NotificationServiceHikariPool housekeeper] com.zaxxer.hikari.pool.HikariPool        : NotificationServiceHikariPool - Fill pool skipped, pool has sufficient level or currently being filled (queueDepth=0).
2025-12-07T00:17:09.983+03:00  INFO 22228 --- [notification-service] [AsyncResolver-bootstrap-executor-0] c.n.d.s.r.aws.ConfigClusterResolver      : Resolving eureka endpoints via configuration
2025-12-07T00:17:33.671+03:00 DEBUG 22228 --- [notification-service] [NotificationServiceHikariPool housekeeper] com.zaxxer.hikari.pool.HikariPool        : NotificationServiceHikariPool - Before cleanup stats (total=5, active=0, idle=5, waiting=0)
2025-12-07T00:17:33.671+03:00 DEBUG 22228 --- [notification-service] [NotificationServiceHikariPool housekeeper] com.zaxxer.hikari.pool.HikariPool        : NotificationServiceHikariPool - After cleanup  stats (total=5, active=0, idle=5, waiting=0)
2025-12-07T00:17:33.671+03:00 DEBUG 22228 --- [notification-service] [NotificationServiceHikariPool housekeeper] com.zaxxer.hikari.pool.HikariPool        : NotificationServiceHikariPool - Fill pool skipped, pool has sufficient level or currently being filled (queueDepth=0).
2025-12-07T00:18:03.673+03:00 DEBUG 22228 --- [notification-service] [NotificationServiceHikariPool housekeeper] com.zaxxer.hikari.pool.HikariPool        : NotificationServiceHikariPool - Before cleanup stats (total=5, active=0, idle=5, waiting=0)
2025-12-07T00:18:03.673+03:00 DEBUG 22228 --- [notification-service] [NotificationServiceHikariPool housekeeper] com.zaxxer.hikari.pool.HikariPool        : NotificationServiceHikariPool - After cleanup  stats (total=5, active=0, idle=5, waiting=0)
2025-12-07T00:18:03.673+03:00 DEBUG 22228 --- [notification-service] [NotificationServiceHikariPool housekeeper] com.zaxxer.hikari.pool.HikariPool        : NotificationServiceHikariPool - Fill pool skipped, pool has sufficient level or currently being filled (queueDepth=0).
2025-12-07T00:18:33.676+03:00 DEBUG 22228 --- [notification-service] [NotificationServiceHikariPool housekeeper] com.zaxxer.hikari.pool.HikariPool        : NotificationServiceHikariPool - Before cleanup stats (total=5, active=0, idle=5, waiting=0)
2025-12-07T00:18:33.676+03:00 DEBUG 22228 --- [notification-service] [NotificationServiceHikariPool housekeeper] com.zaxxer.hikari.pool.HikariPool        : NotificationServiceHikariPool - After cleanup  stats (total=5, active=0, idle=5, waiting=0)
2025-12-07T00:18:33.676+03:00 DEBUG 22228 --- [notification-service] [NotificationServiceHikariPool housekeeper] com.zaxxer.hikari.pool.HikariPool        : NotificationServiceHikariPool - Fill pool skipped, pool has sufficient level or currently being filled (queueDepth=0).
2025-12-07T00:19:03.679+03:00 DEBUG 22228 --- [notification-service] [NotificationServiceHikariPool housekeeper] com.zaxxer.hikari.pool.HikariPool        : NotificationServiceHikariPool - Before cleanup stats (total=5, active=0, idle=5, waiting=0)
2025-12-07T00:19:03.679+03:00 DEBUG 22228 --- [notification-service] [NotificationServiceHikariPool housekeeper] com.zaxxer.hikari.pool.HikariPool        : NotificationServiceHikariPool - After cleanup  stats (total=5, active=0, idle=5, waiting=0)
2025-12-07T00:19:03.679+03:00 DEBUG 22228 --- [notification-service] [NotificationServiceHikariPool housekeeper] com.zaxxer.hikari.pool.HikariPool        : NotificationServiceHikariPool - Fill pool skipped, pool has sufficient level or currently being filled (queueDepth=0).
2025-12-07T00:19:33.680+03:00 DEBUG 22228 --- [notification-service] [NotificationServiceHikariPool housekeeper] com.zaxxer.hikari.pool.HikariPool        : NotificationServiceHikariPool - Before cleanup stats (total=5, active=0, idle=5, waiting=0)
2025-12-07T00:19:33.680+03:00 DEBUG 22228 --- [notification-service] [NotificationServiceHikariPool housekeeper] com.zaxxer.hikari.pool.HikariPool        : NotificationServiceHikariPool - After cleanup  stats (total=5, active=0, idle=5, waiting=0)
2025-12-07T00:19:33.680+03:00 DEBUG 22228 --- [notification-service] [NotificationServiceHikariPool housekeeper] com.zaxxer.hikari.pool.HikariPool        : NotificationServiceHikariPool - Fill pool skipped, pool has sufficient level or currently being filled (queueDepth=0).
2025-12-07T00:20:03.684+03:00 DEBUG 22228 --- [notification-service] [NotificationServiceHikariPool housekeeper] com.zaxxer.hikari.pool.HikariPool        : NotificationServiceHikariPool - Before cleanup stats (total=5, active=0, idle=5, waiting=0)
2025-12-07T00:20:03.684+03:00 DEBUG 22228 --- [notification-service] [NotificationServiceHikariPool housekeeper] com.zaxxer.hikari.pool.HikariPool        : NotificationServiceHikariPool - After cleanup  stats (total=5, active=0, idle=5, waiting=0)
2025-12-07T00:20:03.684+03:00 DEBUG 22228 --- [notification-service] [NotificationServiceHikariPool housekeeper] com.zaxxer.hikari.pool.HikariPool        : NotificationServiceHikariPool - Fill pool skipped, pool has sufficient level or currently being filled (queueDepth=0).
2025-12-07T00:20:33.686+03:00 DEBUG 22228 --- [notification-service] [NotificationServiceHikariPool housekeeper] com.zaxxer.hikari.pool.HikariPool        : NotificationServiceHikariPool - Before cleanup stats (total=5, active=0, idle=5, waiting=0)
2025-12-07T00:20:33.686+03:00 DEBUG 22228 --- [notification-service] [NotificationServiceHikariPool housekeeper] com.zaxxer.hikari.pool.HikariPool        : NotificationServiceHikariPool - After cleanup  stats (total=5, active=0, idle=5, waiting=0)
2025-12-07T00:20:33.686+03:00 DEBUG 22228 --- [notification-service] [NotificationServiceHikariPool housekeeper] com.zaxxer.hikari.pool.HikariPool        : NotificationServiceHikariPool - Fill pool skipped, pool has sufficient level or currently being filled (queueDepth=0).
2025-12-07T00:21:03.688+03:00 DEBUG 22228 --- [notification-service] [NotificationServiceHikariPool housekeeper] com.zaxxer.hikari.pool.HikariPool        : NotificationServiceHikariPool - Before cleanup stats (total=5, active=0, idle=5, waiting=0)
2025-12-07T00:21:03.688+03:00 DEBUG 22228 --- [notification-service] [NotificationServiceHikariPool housekeeper] com.zaxxer.hikari.pool.HikariPool        : NotificationServiceHikariPool - After cleanup  stats (total=5, active=0, idle=5, waiting=0)
2025-12-07T00:21:03.688+03:00 DEBUG 22228 --- [notification-service] [NotificationServiceHikariPool housekeeper] com.zaxxer.hikari.pool.HikariPool        : NotificationServiceHikariPool - Fill pool skipped, pool has sufficient level or currently being filled (queueDepth=0).
2025-12-07T00:21:33.690+03:00 DEBUG 22228 --- [notification-service] [NotificationServiceHikariPool housekeeper] com.zaxxer.hikari.pool.HikariPool        : NotificationServiceHikariPool - Before cleanup stats (total=5, active=0, idle=5, waiting=0)
2025-12-07T00:21:33.690+03:00 DEBUG 22228 --- [notification-service] [NotificationServiceHikariPool housekeeper] com.zaxxer.hikari.pool.HikariPool        : NotificationServiceHikariPool - After cleanup  stats (total=5, active=0, idle=5, waiting=0)
2025-12-07T00:21:33.690+03:00 DEBUG 22228 --- [notification-service] [NotificationServiceHikariPool housekeeper] com.zaxxer.hikari.pool.HikariPool        : NotificationServiceHikariPool - Fill pool skipped, pool has sufficient level or currently being filled (queueDepth=0).
2025-12-07T00:22:03.692+03:00 DEBUG 22228 --- [notification-service] [NotificationServiceHikariPool housekeeper] com.zaxxer.hikari.pool.HikariPool        : NotificationServiceHikariPool - Before cleanup stats (total=5, active=0, idle=5, waiting=0)
2025-12-07T00:22:03.692+03:00 DEBUG 22228 --- [notification-service] [NotificationServiceHikariPool housekeeper] com.zaxxer.hikari.pool.HikariPool        : NotificationServiceHikariPool - After cleanup  stats (total=5, active=0, idle=5, waiting=0)
2025-12-07T00:22:03.692+03:00 DEBUG 22228 --- [notification-service] [NotificationServiceHikariPool housekeeper] com.zaxxer.hikari.pool.HikariPool        : NotificationServiceHikariPool - Fill pool skipped, pool has sufficient level or currently being filled (queueDepth=0).
2025-12-07T00:22:09.991+03:00  INFO 22228 --- [notification-service] [AsyncResolver-bootstrap-executor-0] c.n.d.s.r.aws.ConfigClusterResolver      : Resolving eureka endpoints via configuration
2025-12-07T00:22:33.694+03:00 DEBUG 22228 --- [notification-service] [NotificationServiceHikariPool housekeeper] com.zaxxer.hikari.pool.HikariPool        : NotificationServiceHikariPool - Before cleanup stats (total=5, active=0, idle=5, waiting=0)
2025-12-07T00:22:33.694+03:00 DEBUG 22228 --- [notification-service] [NotificationServiceHikariPool housekeeper] com.zaxxer.hikari.pool.HikariPool        : NotificationServiceHikariPool - After cleanup  stats (total=5, active=0, idle=5, waiting=0)
2025-12-07T00:22:33.694+03:00 DEBUG 22228 --- [notification-service] [NotificationServiceHikariPool housekeeper] com.zaxxer.hikari.pool.HikariPool        : NotificationServiceHikariPool - Fill pool skipped, pool has sufficient level or currently being filled (queueDepth=0).
2025-12-07T00:23:03.696+03:00 DEBUG 22228 --- [notification-service] [NotificationServiceHikariPool housekeeper] com.zaxxer.hikari.pool.HikariPool        : NotificationServiceHikariPool - Before cleanup stats (total=5, active=0, idle=5, waiting=0)
2025-12-07T00:23:03.696+03:00 DEBUG 22228 --- [notification-service] [NotificationServiceHikariPool housekeeper] com.zaxxer.hikari.pool.HikariPool        : NotificationServiceHikariPool - After cleanup  stats (total=5, active=0, idle=5, waiting=0)
2025-12-07T00:23:03.696+03:00 DEBUG 22228 --- [notification-service] [NotificationServiceHikariPool housekeeper] com.zaxxer.hikari.pool.HikariPool        : NotificationServiceHikariPool - Fill pool skipped, pool has sufficient level or currently being filled (queueDepth=0).
2025-12-07T00:23:33.698+03:00 DEBUG 22228 --- [notification-service] [NotificationServiceHikariPool housekeeper] com.zaxxer.hikari.pool.HikariPool        : NotificationServiceHikariPool - Before cleanup stats (total=5, active=0, idle=5, waiting=0)
2025-12-07T00:23:33.698+03:00 DEBUG 22228 --- [notification-service] [NotificationServiceHikariPool housekeeper] com.zaxxer.hikari.pool.HikariPool        : NotificationServiceHikariPool - After cleanup  stats (total=5, active=0, idle=5, waiting=0)
2025-12-07T00:23:33.698+03:00 DEBUG 22228 --- [notification-service] [NotificationServiceHikariPool housekeeper] com.zaxxer.hikari.pool.HikariPool        : NotificationServiceHikariPool - Fill pool skipped, pool has sufficient level or currently being filled (queueDepth=0).
2025-12-07T00:24:03.699+03:00 DEBUG 22228 --- [notification-service] [NotificationServiceHikariPool housekeeper] com.zaxxer.hikari.pool.HikariPool        : NotificationServiceHikariPool - Before cleanup stats (total=5, active=0, idle=5, waiting=0)
2025-12-07T00:24:03.699+03:00 DEBUG 22228 --- [notification-service] [NotificationServiceHikariPool housekeeper] com.zaxxer.hikari.pool.HikariPool        : NotificationServiceHikariPool - After cleanup  stats (total=5, active=0, idle=5, waiting=0)
2025-12-07T00:24:03.699+03:00 DEBUG 22228 --- [notification-service] [NotificationServiceHikariPool housekeeper] com.zaxxer.hikari.pool.HikariPool        : NotificationServiceHikariPool - Fill pool skipped, pool has sufficient level or currently being filled (queueDepth=0).
2025-12-07T00:24:33.701+03:00 DEBUG 22228 --- [notification-service] [NotificationServiceHikariPool housekeeper] com.zaxxer.hikari.pool.HikariPool        : NotificationServiceHikariPool - Before cleanup stats (total=5, active=0, idle=5, waiting=0)
2025-12-07T00:24:33.701+03:00 DEBUG 22228 --- [notification-service] [NotificationServiceHikariPool housekeeper] com.zaxxer.hikari.pool.HikariPool        : NotificationServiceHikariPool - After cleanup  stats (total=5, active=0, idle=5, waiting=0)
2025-12-07T00:24:33.701+03:00 DEBUG 22228 --- [notification-service] [NotificationServiceHikariPool housekeeper] com.zaxxer.hikari.pool.HikariPool        : NotificationServiceHikariPool - Fill pool skipped, pool has sufficient level or currently being filled (queueDepth=0).
2025-12-07T00:25:03.704+03:00 DEBUG 22228 --- [notification-service] [NotificationServiceHikariPool housekeeper] com.zaxxer.hikari.pool.HikariPool        : NotificationServiceHikariPool - Before cleanup stats (total=5, active=0, idle=5, waiting=0)
2025-12-07T00:25:03.704+03:00 DEBUG 22228 --- [notification-service] [NotificationServiceHikariPool housekeeper] com.zaxxer.hikari.pool.HikariPool        : NotificationServiceHikariPool - After cleanup  stats (total=5, active=0, idle=5, waiting=0)
2025-12-07T00:25:03.704+03:00 DEBUG 22228 --- [notification-service] [NotificationServiceHikariPool housekeeper] com.zaxxer.hikari.pool.HikariPool        : NotificationServiceHikariPool - Fill pool skipped, pool has sufficient level or currently being filled (queueDepth=0).
2025-12-07T00:25:33.706+03:00 DEBUG 22228 --- [notification-service] [NotificationServiceHikariPool housekeeper] com.zaxxer.hikari.pool.HikariPool        : NotificationServiceHikariPool - Before cleanup stats (total=5, active=0, idle=5, waiting=0)
2025-12-07T00:25:33.706+03:00 DEBUG 22228 --- [notification-service] [NotificationServiceHikariPool housekeeper] com.zaxxer.hikari.pool.HikariPool        : NotificationServiceHikariPool - After cleanup  stats (total=5, active=0, idle=5, waiting=0)
2025-12-07T00:25:33.706+03:00 DEBUG 22228 --- [notification-service] [NotificationServiceHikariPool housekeeper] com.zaxxer.hikari.pool.HikariPool        : NotificationServiceHikariPool - Fill pool skipped, pool has sufficient level or currently being filled (queueDepth=0).
2025-12-07T00:26:03.708+03:00 DEBUG 22228 --- [notification-service] [NotificationServiceHikariPool housekeeper] com.zaxxer.hikari.pool.HikariPool        : NotificationServiceHikariPool - Before cleanup stats (total=5, active=0, idle=5, waiting=0)
2025-12-07T00:26:03.708+03:00 DEBUG 22228 --- [notification-service] [NotificationServiceHikariPool housekeeper] com.zaxxer.hikari.pool.HikariPool        : NotificationServiceHikariPool - After cleanup  stats (total=5, active=0, idle=5, waiting=0)
2025-12-07T00:26:03.708+03:00 DEBUG 22228 --- [notification-service] [NotificationServiceHikariPool housekeeper] com.zaxxer.hikari.pool.HikariPool        : NotificationServiceHikariPool - Fill pool skipped, pool has sufficient level or currently being filled (queueDepth=0).
2025-12-07T00:26:23.850+03:00 DEBUG 22228 --- [notification-service] [NotificationServiceHikariPool connection closer] com.zaxxer.hikari.pool.PoolBase          : NotificationServiceHikariPool - Closing connection org.postgresql.jdbc.PgConnection@363b4740: (connection has passed maxLifetime)
2025-12-07T00:26:23.851+03:00 DEBUG 22228 --- [notification-service] [NotificationServiceHikariPool connection adder] org.postgresql.Driver                    : Connecting with URL: jdbc:postgresql://localhost:5433/music_prilo_db
2025-12-07T00:26:23.851+03:00 DEBUG 22228 --- [notification-service] [NotificationServiceHikariPool connection adder] org.postgresql.jdbc.PgConnection         : PostgreSQL JDBC Driver 42.6.0
2025-12-07T00:26:23.853+03:00 DEBUG 22228 --- [notification-service] [NotificationServiceHikariPool connection adder] org.postgresql.jdbc.PgConnection         :   setDefaultFetchSize = 0
2025-12-07T00:26:23.853+03:00 DEBUG 22228 --- [notification-service] [NotificationServiceHikariPool connection adder] org.postgresql.jdbc.PgConnection         :   setPrepareThreshold = 5
2025-12-07T00:26:23.853+03:00 DEBUG 22228 --- [notification-service] [NotificationServiceHikariPool connection adder] o.p.core.v3.ConnectionFactoryImpl        : Trying to establish a protocol version 3 connection to localhost:5433
2025-12-07T00:26:23.854+03:00 DEBUG 22228 --- [notification-service] [NotificationServiceHikariPool connection adder] o.p.core.v3.ConnectionFactoryImpl        : Receive Buffer Size is 65 536
2025-12-07T00:26:23.854+03:00 DEBUG 22228 --- [notification-service] [NotificationServiceHikariPool connection adder] o.p.core.v3.ConnectionFactoryImpl        : Send Buffer Size is 65 536
2025-12-07T00:26:23.879+03:00 DEBUG 22228 --- [notification-service] [NotificationServiceHikariPool connection adder] com.zaxxer.hikari.pool.HikariPool        : NotificationServiceHikariPool - Added connection org.postgresql.jdbc.PgConnection@48f7a82d
2025-12-07T00:26:25.836+03:00 DEBUG 22228 --- [notification-service] [NotificationServiceHikariPool connection closer] com.zaxxer.hikari.pool.PoolBase          : NotificationServiceHikariPool - Closing connection org.postgresql.jdbc.PgConnection@38fcbff7: (connection has passed maxLifetime)
2025-12-07T00:26:25.836+03:00 DEBUG 22228 --- [notification-service] [NotificationServiceHikariPool connection adder] org.postgresql.Driver                    : Connecting with URL: jdbc:postgresql://localhost:5433/music_prilo_db
2025-12-07T00:26:25.836+03:00 DEBUG 22228 --- [notification-service] [NotificationServiceHikariPool connection adder] org.postgresql.jdbc.PgConnection         : PostgreSQL JDBC Driver 42.6.0
2025-12-07T00:26:25.837+03:00 DEBUG 22228 --- [notification-service] [NotificationServiceHikariPool connection adder] org.postgresql.jdbc.PgConnection         :   setDefaultFetchSize = 0
2025-12-07T00:26:25.837+03:00 DEBUG 22228 --- [notification-service] [NotificationServiceHikariPool connection adder] org.postgresql.jdbc.PgConnection         :   setPrepareThreshold = 5
2025-12-07T00:26:25.837+03:00 DEBUG 22228 --- [notification-service] [NotificationServiceHikariPool connection adder] o.p.core.v3.ConnectionFactoryImpl        : Trying to establish a protocol version 3 connection to localhost:5433
2025-12-07T00:26:25.838+03:00 DEBUG 22228 --- [notification-service] [NotificationServiceHikariPool connection adder] o.p.core.v3.ConnectionFactoryImpl        : Receive Buffer Size is 65 536
2025-12-07T00:26:25.838+03:00 DEBUG 22228 --- [notification-service] [NotificationServiceHikariPool connection adder] o.p.core.v3.ConnectionFactoryImpl        : Send Buffer Size is 65 536
2025-12-07T00:26:25.858+03:00 DEBUG 22228 --- [notification-service] [NotificationServiceHikariPool connection adder] com.zaxxer.hikari.pool.HikariPool        : NotificationServiceHikariPool - Added connection org.postgresql.jdbc.PgConnection@4cc835eb
2025-12-07T00:26:32.382+03:00 DEBUG 22228 --- [notification-service] [NotificationServiceHikariPool connection closer] com.zaxxer.hikari.pool.PoolBase          : NotificationServiceHikariPool - Closing connection org.postgresql.jdbc.PgConnection@4f4d39af: (connection has passed maxLifetime)
2025-12-07T00:26:32.382+03:00 DEBUG 22228 --- [notification-service] [NotificationServiceHikariPool connection adder] org.postgresql.Driver                    : Connecting with URL: jdbc:postgresql://localhost:5433/music_prilo_db
2025-12-07T00:26:32.383+03:00 DEBUG 22228 --- [notification-service] [NotificationServiceHikariPool connection adder] org.postgresql.jdbc.PgConnection         : PostgreSQL JDBC Driver 42.6.0
2025-12-07T00:26:32.383+03:00 DEBUG 22228 --- [notification-service] [NotificationServiceHikariPool connection adder] org.postgresql.jdbc.PgConnection         :   setDefaultFetchSize = 0
2025-12-07T00:26:32.383+03:00 DEBUG 22228 --- [notification-service] [NotificationServiceHikariPool connection adder] org.postgresql.jdbc.PgConnection         :   setPrepareThreshold = 5
2025-12-07T00:26:32.383+03:00 DEBUG 22228 --- [notification-service] [NotificationServiceHikariPool connection adder] o.p.core.v3.ConnectionFactoryImpl        : Trying to establish a protocol version 3 connection to localhost:5433
2025-12-07T00:26:32.384+03:00 DEBUG 22228 --- [notification-service] [NotificationServiceHikariPool connection adder] o.p.core.v3.ConnectionFactoryImpl        : Receive Buffer Size is 65 536
2025-12-07T00:26:32.384+03:00 DEBUG 22228 --- [notification-service] [NotificationServiceHikariPool connection adder] o.p.core.v3.ConnectionFactoryImpl        : Send Buffer Size is 65 536
2025-12-07T00:26:32.408+03:00 DEBUG 22228 --- [notification-service] [NotificationServiceHikariPool connection adder] com.zaxxer.hikari.pool.HikariPool        : NotificationServiceHikariPool - Added connection org.postgresql.jdbc.PgConnection@e088143
2025-12-07T00:26:33.709+03:00 DEBUG 22228 --- [notification-service] [NotificationServiceHikariPool housekeeper] com.zaxxer.hikari.pool.HikariPool        : NotificationServiceHikariPool - Before cleanup stats (total=5, active=0, idle=5, waiting=0)
2025-12-07T00:26:33.710+03:00 DEBUG 22228 --- [notification-service] [NotificationServiceHikariPool housekeeper] com.zaxxer.hikari.pool.HikariPool        : NotificationServiceHikariPool - After cleanup  stats (total=5, active=0, idle=5, waiting=0)
2025-12-07T00:26:33.710+03:00 DEBUG 22228 --- [notification-service] [NotificationServiceHikariPool housekeeper] com.zaxxer.hikari.pool.HikariPool        : NotificationServiceHikariPool - Fill pool skipped, pool has sufficient level or currently being filled (queueDepth=0).
2025-12-07T00:26:34.191+03:00 DEBUG 22228 --- [notification-service] [NotificationServiceHikariPool connection adder] org.postgresql.Driver                    : Connecting with URL: jdbc:postgresql://localhost:5433/music_prilo_db
2025-12-07T00:26:34.191+03:00 DEBUG 22228 --- [notification-service] [NotificationServiceHikariPool connection closer] com.zaxxer.hikari.pool.PoolBase          : NotificationServiceHikariPool - Closing connection org.postgresql.jdbc.PgConnection@79c1b5cc: (connection has passed maxLifetime)
2025-12-07T00:26:34.192+03:00 DEBUG 22228 --- [notification-service] [NotificationServiceHikariPool connection adder] org.postgresql.jdbc.PgConnection         : PostgreSQL JDBC Driver 42.6.0
2025-12-07T00:26:34.192+03:00 DEBUG 22228 --- [notification-service] [NotificationServiceHikariPool connection adder] org.postgresql.jdbc.PgConnection         :   setDefaultFetchSize = 0
2025-12-07T00:26:34.192+03:00 DEBUG 22228 --- [notification-service] [NotificationServiceHikariPool connection adder] org.postgresql.jdbc.PgConnection         :   setPrepareThreshold = 5
2025-12-07T00:26:34.192+03:00 DEBUG 22228 --- [notification-service] [NotificationServiceHikariPool connection adder] o.p.core.v3.ConnectionFactoryImpl        : Trying to establish a protocol version 3 connection to localhost:5433
2025-12-07T00:26:34.193+03:00 DEBUG 22228 --- [notification-service] [NotificationServiceHikariPool connection adder] o.p.core.v3.ConnectionFactoryImpl        : Receive Buffer Size is 65 536
2025-12-07T00:26:34.193+03:00 DEBUG 22228 --- [notification-service] [NotificationServiceHikariPool connection adder] o.p.core.v3.ConnectionFactoryImpl        : Send Buffer Size is 65 536
2025-12-07T00:26:34.216+03:00 DEBUG 22228 --- [notification-service] [NotificationServiceHikariPool connection adder] com.zaxxer.hikari.pool.HikariPool        : NotificationServiceHikariPool - Added connection org.postgresql.jdbc.PgConnection@cf7ef2
2025-12-07T00:26:53.741+03:00 DEBUG 22228 --- [notification-service] [NotificationServiceHikariPool connection closer] com.zaxxer.hikari.pool.PoolBase          : NotificationServiceHikariPool - Closing connection org.postgresql.jdbc.PgConnection@3cc32c30: (connection has passed maxLifetime)
2025-12-07T00:26:53.741+03:00 DEBUG 22228 --- [notification-service] [NotificationServiceHikariPool connection adder] org.postgresql.Driver                    : Connecting with URL: jdbc:postgresql://localhost:5433/music_prilo_db
2025-12-07T00:26:53.742+03:00 DEBUG 22228 --- [notification-service] [NotificationServiceHikariPool connection adder] org.postgresql.jdbc.PgConnection         : PostgreSQL JDBC Driver 42.6.0
2025-12-07T00:26:53.742+03:00 DEBUG 22228 --- [notification-service] [NotificationServiceHikariPool connection adder] org.postgresql.jdbc.PgConnection         :   setDefaultFetchSize = 0
2025-12-07T00:26:53.742+03:00 DEBUG 22228 --- [notification-service] [NotificationServiceHikariPool connection adder] org.postgresql.jdbc.PgConnection         :   setPrepareThreshold = 5
2025-12-07T00:26:53.742+03:00 DEBUG 22228 --- [notification-service] [NotificationServiceHikariPool connection adder] o.p.core.v3.ConnectionFactoryImpl        : Trying to establish a protocol version 3 connection to localhost:5433
2025-12-07T00:26:53.743+03:00 DEBUG 22228 --- [notification-service] [NotificationServiceHikariPool connection adder] o.p.core.v3.ConnectionFactoryImpl        : Receive Buffer Size is 65 536
2025-12-07T00:26:53.743+03:00 DEBUG 22228 --- [notification-service] [NotificationServiceHikariPool connection adder] o.p.core.v3.ConnectionFactoryImpl        : Send Buffer Size is 65 536
2025-12-07T00:26:53.769+03:00 DEBUG 22228 --- [notification-service] [NotificationServiceHikariPool connection adder] com.zaxxer.hikari.pool.HikariPool        : NotificationServiceHikariPool - Added connection org.postgresql.jdbc.PgConnection@14f09f19
2025-12-07T00:27:03.713+03:00 DEBUG 22228 --- [notification-service] [NotificationServiceHikariPool housekeeper] com.zaxxer.hikari.pool.HikariPool        : NotificationServiceHikariPool - Before cleanup stats (total=5, active=0, idle=5, waiting=0)
2025-12-07T00:27:03.713+03:00 DEBUG 22228 --- [notification-service] [NotificationServiceHikariPool housekeeper] com.zaxxer.hikari.pool.HikariPool        : NotificationServiceHikariPool - After cleanup  stats (total=5, active=0, idle=5, waiting=0)
2025-12-07T00:27:03.713+03:00 DEBUG 22228 --- [notification-service] [NotificationServiceHikariPool housekeeper] com.zaxxer.hikari.pool.HikariPool        : NotificationServiceHikariPool - Fill pool skipped, pool has sufficient level or currently being filled (queueDepth=0).
2025-12-07T00:27:09.997+03:00  INFO 22228 --- [notification-service] [AsyncResolver-bootstrap-executor-0] c.n.d.s.r.aws.ConfigClusterResolver      : Resolving eureka endpoints via configuration
2025-12-07T00:27:33.715+03:00 DEBUG 22228 --- [notification-service] [NotificationServiceHikariPool housekeeper] com.zaxxer.hikari.pool.HikariPool        : NotificationServiceHikariPool - Before cleanup stats (total=5, active=0, idle=5, waiting=0)
2025-12-07T00:27:33.715+03:00 DEBUG 22228 --- [notification-service] [NotificationServiceHikariPool housekeeper] com.zaxxer.hikari.pool.HikariPool        : NotificationServiceHikariPool - After cleanup  stats (total=5, active=0, idle=5, waiting=0)
2025-12-07T00:27:33.715+03:00 DEBUG 22228 --- [notification-service] [NotificationServiceHikariPool housekeeper] com.zaxxer.hikari.pool.HikariPool        : NotificationServiceHikariPool - Fill pool skipped, pool has sufficient level or currently being filled (queueDepth=0).
2025-12-07T00:28:03.716+03:00 DEBUG 22228 --- [notification-service] [NotificationServiceHikariPool housekeeper] com.zaxxer.hikari.pool.HikariPool        : NotificationServiceHikariPool - Before cleanup stats (total=5, active=0, idle=5, waiting=0)
2025-12-07T00:28:03.716+03:00 DEBUG 22228 --- [notification-service] [NotificationServiceHikariPool housekeeper] com.zaxxer.hikari.pool.HikariPool        : NotificationServiceHikariPool - After cleanup  stats (total=5, active=0, idle=5, waiting=0)
2025-12-07T00:28:03.716+03:00 DEBUG 22228 --- [notification-service] [NotificationServiceHikariPool housekeeper] com.zaxxer.hikari.pool.HikariPool        : NotificationServiceHikariPool - Fill pool skipped, pool has sufficient level or currently being filled (queueDepth=0).
2025-12-07T00:28:33.719+03:00 DEBUG 22228 --- [notification-service] [NotificationServiceHikariPool housekeeper] com.zaxxer.hikari.pool.HikariPool        : NotificationServiceHikariPool - Before cleanup stats (total=5, active=0, idle=5, waiting=0)
2025-12-07T00:28:33.719+03:00 DEBUG 22228 --- [notification-service] [NotificationServiceHikariPool housekeeper] com.zaxxer.hikari.pool.HikariPool        : NotificationServiceHikariPool - After cleanup  stats (total=5, active=0, idle=5, waiting=0)
2025-12-07T00:28:33.719+03:00 DEBUG 22228 --- [notification-service] [NotificationServiceHikariPool housekeeper] com.zaxxer.hikari.pool.HikariPool        : NotificationServiceHikariPool - Fill pool skipped, pool has sufficient level or currently being filled (queueDepth=0).
2025-12-07T00:29:03.721+03:00 DEBUG 22228 --- [notification-service] [NotificationServiceHikariPool housekeeper] com.zaxxer.hikari.pool.HikariPool        : NotificationServiceHikariPool - Before cleanup stats (total=5, active=0, idle=5, waiting=0)
2025-12-07T00:29:03.721+03:00 DEBUG 22228 --- [notification-service] [NotificationServiceHikariPool housekeeper] com.zaxxer.hikari.pool.HikariPool        : NotificationServiceHikariPool - After cleanup  stats (total=5, active=0, idle=5, waiting=0)
2025-12-07T00:29:03.721+03:00 DEBUG 22228 --- [notification-service] [NotificationServiceHikariPool housekeeper] com.zaxxer.hikari.pool.HikariPool        : NotificationServiceHikariPool - Fill pool skipped, pool has sufficient level or currently being filled (queueDepth=0).
2025-12-07T00:29:33.722+03:00 DEBUG 22228 --- [notification-service] [NotificationServiceHikariPool housekeeper] com.zaxxer.hikari.pool.HikariPool        : NotificationServiceHikariPool - Before cleanup stats (total=5, active=0, idle=5, waiting=0)
2025-12-07T00:29:33.722+03:00 DEBUG 22228 --- [notification-service] [NotificationServiceHikariPool housekeeper] com.zaxxer.hikari.pool.HikariPool        : NotificationServiceHikariPool - After cleanup  stats (total=5, active=0, idle=5, waiting=0)
2025-12-07T00:29:33.722+03:00 DEBUG 22228 --- [notification-service] [NotificationServiceHikariPool housekeeper] com.zaxxer.hikari.pool.HikariPool        : NotificationServiceHikariPool - Fill pool skipped, pool has sufficient level or currently being filled (queueDepth=0).
2025-12-07T00:30:03.724+03:00 DEBUG 22228 --- [notification-service] [NotificationServiceHikariPool housekeeper] com.zaxxer.hikari.pool.HikariPool        : NotificationServiceHikariPool - Before cleanup stats (total=5, active=0, idle=5, waiting=0)
2025-12-07T00:30:03.724+03:00 DEBUG 22228 --- [notification-service] [NotificationServiceHikariPool housekeeper] com.zaxxer.hikari.pool.HikariPool        : NotificationServiceHikariPool - After cleanup  stats (total=5, active=0, idle=5, waiting=0)
2025-12-07T00:30:03.724+03:00 DEBUG 22228 --- [notification-service] [NotificationServiceHikariPool housekeeper] com.zaxxer.hikari.pool.HikariPool        : NotificationServiceHikariPool - Fill pool skipped, pool has sufficient level or currently being filled (queueDepth=0).
2025-12-07T00:30:33.725+03:00 DEBUG 22228 --- [notification-service] [NotificationServiceHikariPool housekeeper] com.zaxxer.hikari.pool.HikariPool        : NotificationServiceHikariPool - Before cleanup stats (total=5, active=0, idle=5, waiting=0)
2025-12-07T00:30:33.725+03:00 DEBUG 22228 --- [notification-service] [NotificationServiceHikariPool housekeeper] com.zaxxer.hikari.pool.HikariPool        : NotificationServiceHikariPool - After cleanup  stats (total=5, active=0, idle=5, waiting=0)
2025-12-07T00:30:33.725+03:00 DEBUG 22228 --- [notification-service] [NotificationServiceHikariPool housekeeper] com.zaxxer.hikari.pool.HikariPool        : NotificationServiceHikariPool - Fill pool skipped, pool has sufficient level or currently being filled (queueDepth=0).
2025-12-07T00:31:03.726+03:00 DEBUG 22228 --- [notification-service] [NotificationServiceHikariPool housekeeper] com.zaxxer.hikari.pool.HikariPool        : NotificationServiceHikariPool - Before cleanup stats (total=5, active=0, idle=5, waiting=0)
2025-12-07T00:31:03.727+03:00 DEBUG 22228 --- [notification-service] [NotificationServiceHikariPool housekeeper] com.zaxxer.hikari.pool.HikariPool        : NotificationServiceHikariPool - After cleanup  stats (total=5, active=0, idle=5, waiting=0)
2025-12-07T00:31:03.727+03:00 DEBUG 22228 --- [notification-service] [NotificationServiceHikariPool housekeeper] com.zaxxer.hikari.pool.HikariPool        : NotificationServiceHikariPool - Fill pool skipped, pool has sufficient level or currently being filled (queueDepth=0).
2025-12-07T00:31:33.729+03:00 DEBUG 22228 --- [notification-service] [NotificationServiceHikariPool housekeeper] com.zaxxer.hikari.pool.HikariPool        : NotificationServiceHikariPool - Before cleanup stats (total=5, active=0, idle=5, waiting=0)
2025-12-07T00:31:33.729+03:00 DEBUG 22228 --- [notification-service] [NotificationServiceHikariPool housekeeper] com.zaxxer.hikari.pool.HikariPool        : NotificationServiceHikariPool - After cleanup  stats (total=5, active=0, idle=5, waiting=0)
2025-12-07T00:31:33.729+03:00 DEBUG 22228 --- [notification-service] [NotificationServiceHikariPool housekeeper] com.zaxxer.hikari.pool.HikariPool        : NotificationServiceHikariPool - Fill pool skipped, pool has sufficient level or currently being filled (queueDepth=0).
2025-12-07T00:32:03.729+03:00 DEBUG 22228 --- [notification-service] [NotificationServiceHikariPool housekeeper] com.zaxxer.hikari.pool.HikariPool        : NotificationServiceHikariPool - Before cleanup stats (total=5, active=0, idle=5, waiting=0)
2025-12-07T00:32:03.729+03:00 DEBUG 22228 --- [notification-service] [NotificationServiceHikariPool housekeeper] com.zaxxer.hikari.pool.HikariPool        : NotificationServiceHikariPool - After cleanup  stats (total=5, active=0, idle=5, waiting=0)
2025-12-07T00:32:03.729+03:00 DEBUG 22228 --- [notification-service] [NotificationServiceHikariPool housekeeper] com.zaxxer.hikari.pool.HikariPool        : NotificationServiceHikariPool - Fill pool skipped, pool has sufficient level or currently being filled (queueDepth=0).
2025-12-07T00:32:10.004+03:00  INFO 22228 --- [notification-service] [AsyncResolver-bootstrap-executor-0] c.n.d.s.r.aws.ConfigClusterResolver      : Resolving eureka endpoints via configuration
2025-12-07T00:32:33.731+03:00 DEBUG 22228 --- [notification-service] [NotificationServiceHikariPool housekeeper] com.zaxxer.hikari.pool.HikariPool        : NotificationServiceHikariPool - Before cleanup stats (total=5, active=0, idle=5, waiting=0)
2025-12-07T00:32:33.731+03:00 DEBUG 22228 --- [notification-service] [NotificationServiceHikariPool housekeeper] com.zaxxer.hikari.pool.HikariPool        : NotificationServiceHikariPool - After cleanup  stats (total=5, active=0, idle=5, waiting=0)
2025-12-07T00:32:33.731+03:00 DEBUG 22228 --- [notification-service] [NotificationServiceHikariPool housekeeper] com.zaxxer.hikari.pool.HikariPool        : NotificationServiceHikariPool - Fill pool skipped, pool has sufficient level or currently being filled (queueDepth=0).
2025-12-07T00:33:03.733+03:00 DEBUG 22228 --- [notification-service] [NotificationServiceHikariPool housekeeper] com.zaxxer.hikari.pool.HikariPool        : NotificationServiceHikariPool - Before cleanup stats (total=5, active=0, idle=5, waiting=0)
2025-12-07T00:33:03.733+03:00 DEBUG 22228 --- [notification-service] [NotificationServiceHikariPool housekeeper] com.zaxxer.hikari.pool.HikariPool        : NotificationServiceHikariPool - After cleanup  stats (total=5, active=0, idle=5, waiting=0)
2025-12-07T00:33:03.733+03:00 DEBUG 22228 --- [notification-service] [NotificationServiceHikariPool housekeeper] com.zaxxer.hikari.pool.HikariPool        : NotificationServiceHikariPool - Fill pool skipped, pool has sufficient level or currently being filled (queueDepth=0).
2025-12-07T00:33:33.735+03:00 DEBUG 22228 --- [notification-service] [NotificationServiceHikariPool housekeeper] com.zaxxer.hikari.pool.HikariPool        : NotificationServiceHikariPool - Before cleanup stats (total=5, active=0, idle=5, waiting=0)
2025-12-07T00:33:33.735+03:00 DEBUG 22228 --- [notification-service] [NotificationServiceHikariPool housekeeper] com.zaxxer.hikari.pool.HikariPool        : NotificationServiceHikariPool - After cleanup  stats (total=5, active=0, idle=5, waiting=0)
2025-12-07T00:33:33.735+03:00 DEBUG 22228 --- [notification-service] [NotificationServiceHikariPool housekeeper] com.zaxxer.hikari.pool.HikariPool        : NotificationServiceHikariPool - Fill pool skipped, pool has sufficient level or currently being filled (queueDepth=0).
2025-12-07T00:34:03.736+03:00 DEBUG 22228 --- [notification-service] [NotificationServiceHikariPool housekeeper] com.zaxxer.hikari.pool.HikariPool        : NotificationServiceHikariPool - Before cleanup stats (total=5, active=0, idle=5, waiting=0)
2025-12-07T00:34:03.736+03:00 DEBUG 22228 --- [notification-service] [NotificationServiceHikariPool housekeeper] com.zaxxer.hikari.pool.HikariPool        : NotificationServiceHikariPool - After cleanup  stats (total=5, active=0, idle=5, waiting=0)
2025-12-07T00:34:03.736+03:00 DEBUG 22228 --- [notification-service] [NotificationServiceHikariPool housekeeper] com.zaxxer.hikari.pool.HikariPool        : NotificationServiceHikariPool - Fill pool skipped, pool has sufficient level or currently being filled (queueDepth=0).
2025-12-07T00:34:33.738+03:00 DEBUG 22228 --- [notification-service] [NotificationServiceHikariPool housekeeper] com.zaxxer.hikari.pool.HikariPool        : NotificationServiceHikariPool - Before cleanup stats (total=5, active=0, idle=5, waiting=0)
2025-12-07T00:34:33.738+03:00 DEBUG 22228 --- [notification-service] [NotificationServiceHikariPool housekeeper] com.zaxxer.hikari.pool.HikariPool        : NotificationServiceHikariPool - After cleanup  stats (total=5, active=0, idle=5, waiting=0)
2025-12-07T00:34:33.738+03:00 DEBUG 22228 --- [notification-service] [NotificationServiceHikariPool housekeeper] com.zaxxer.hikari.pool.HikariPool        : NotificationServiceHikariPool - Fill pool skipped, pool has sufficient level or currently being filled (queueDepth=0).
2025-12-07T00:35:03.739+03:00 DEBUG 22228 --- [notification-service] [NotificationServiceHikariPool housekeeper] com.zaxxer.hikari.pool.HikariPool        : NotificationServiceHikariPool - Before cleanup stats (total=5, active=0, idle=5, waiting=0)
2025-12-07T00:35:03.741+03:00 DEBUG 22228 --- [notification-service] [NotificationServiceHikariPool housekeeper] com.zaxxer.hikari.pool.HikariPool        : NotificationServiceHikariPool - After cleanup  stats (total=5, active=0, idle=5, waiting=0)
2025-12-07T00:35:03.741+03:00 DEBUG 22228 --- [notification-service] [NotificationServiceHikariPool housekeeper] com.zaxxer.hikari.pool.HikariPool        : NotificationServiceHikariPool - Fill pool skipped, pool has sufficient level or currently being filled (queueDepth=0).
2025-12-07T00:35:33.742+03:00 DEBUG 22228 --- [notification-service] [NotificationServiceHikariPool housekeeper] com.zaxxer.hikari.pool.HikariPool        : NotificationServiceHikariPool - Before cleanup stats (total=5, active=0, idle=5, waiting=0)
2025-12-07T00:35:33.742+03:00 DEBUG 22228 --- [notification-service] [NotificationServiceHikariPool housekeeper] com.zaxxer.hikari.pool.HikariPool        : NotificationServiceHikariPool - After cleanup  stats (total=5, active=0, idle=5, waiting=0)
2025-12-07T00:35:33.742+03:00 DEBUG 22228 --- [notification-service] [NotificationServiceHikariPool housekeeper] com.zaxxer.hikari.pool.HikariPool        : NotificationServiceHikariPool - Fill pool skipped, pool has sufficient level or currently being filled (queueDepth=0).
2025-12-07T00:36:03.743+03:00 DEBUG 22228 --- [notification-service] [NotificationServiceHikariPool housekeeper] com.zaxxer.hikari.pool.HikariPool        : NotificationServiceHikariPool - Before cleanup stats (total=5, active=0, idle=5, waiting=0)
2025-12-07T00:36:03.743+03:00 DEBUG 22228 --- [notification-service] [NotificationServiceHikariPool housekeeper] com.zaxxer.hikari.pool.HikariPool        : NotificationServiceHikariPool - After cleanup  stats (total=5, active=0, idle=5, waiting=0)
2025-12-07T00:36:03.743+03:00 DEBUG 22228 --- [notification-service] [NotificationServiceHikariPool housekeeper] com.zaxxer.hikari.pool.HikariPool        : NotificationServiceHikariPool - Fill pool skipped, pool has sufficient level or currently being filled (queueDepth=0).
2025-12-07T00:36:33.745+03:00 DEBUG 22228 --- [notification-service] [NotificationServiceHikariPool housekeeper] com.zaxxer.hikari.pool.HikariPool        : NotificationServiceHikariPool - Before cleanup stats (total=5, active=0, idle=5, waiting=0)
2025-12-07T00:36:33.745+03:00 DEBUG 22228 --- [notification-service] [NotificationServiceHikariPool housekeeper] com.zaxxer.hikari.pool.HikariPool        : NotificationServiceHikariPool - After cleanup  stats (total=5, active=0, idle=5, waiting=0)
2025-12-07T00:36:33.745+03:00 DEBUG 22228 --- [notification-service] [NotificationServiceHikariPool housekeeper] com.zaxxer.hikari.pool.HikariPool        : NotificationServiceHikariPool - Fill pool skipped, pool has sufficient level or currently being filled (queueDepth=0).
2025-12-07T00:37:03.747+03:00 DEBUG 22228 --- [notification-service] [NotificationServiceHikariPool housekeeper] com.zaxxer.hikari.pool.HikariPool        : NotificationServiceHikariPool - Before cleanup stats (total=5, active=0, idle=5, waiting=0)
2025-12-07T00:37:03.747+03:00 DEBUG 22228 --- [notification-service] [NotificationServiceHikariPool housekeeper] com.zaxxer.hikari.pool.HikariPool        : NotificationServiceHikariPool - After cleanup  stats (total=5, active=0, idle=5, waiting=0)
2025-12-07T00:37:03.747+03:00 DEBUG 22228 --- [notification-service] [NotificationServiceHikariPool housekeeper] com.zaxxer.hikari.pool.HikariPool        : NotificationServiceHikariPool - Fill pool skipped, pool has sufficient level or currently being filled (queueDepth=0).
2025-12-07T00:37:10.011+03:00  INFO 22228 --- [notification-service] [AsyncResolver-bootstrap-executor-0] c.n.d.s.r.aws.ConfigClusterResolver      : Resolving eureka endpoints via configuration
2025-12-07T00:37:33.749+03:00 DEBUG 22228 --- [notification-service] [NotificationServiceHikariPool housekeeper] com.zaxxer.hikari.pool.HikariPool        : NotificationServiceHikariPool - Before cleanup stats (total=5, active=0, idle=5, waiting=0)
2025-12-07T00:37:33.749+03:00 DEBUG 22228 --- [notification-service] [NotificationServiceHikariPool housekeeper] com.zaxxer.hikari.pool.HikariPool        : NotificationServiceHikariPool - After cleanup  stats (total=5, active=0, idle=5, waiting=0)
2025-12-07T00:37:33.749+03:00 DEBUG 22228 --- [notification-service] [NotificationServiceHikariPool housekeeper] com.zaxxer.hikari.pool.HikariPool        : NotificationServiceHikariPool - Fill pool skipped, pool has sufficient level or currently being filled (queueDepth=0).
2025-12-07T00:38:03.751+03:00 DEBUG 22228 --- [notification-service] [NotificationServiceHikariPool housekeeper] com.zaxxer.hikari.pool.HikariPool        : NotificationServiceHikariPool - Before cleanup stats (total=5, active=0, idle=5, waiting=0)
2025-12-07T00:38:03.751+03:00 DEBUG 22228 --- [notification-service] [NotificationServiceHikariPool housekeeper] com.zaxxer.hikari.pool.HikariPool        : NotificationServiceHikariPool - After cleanup  stats (total=5, active=0, idle=5, waiting=0)
2025-12-07T00:38:03.751+03:00 DEBUG 22228 --- [notification-service] [NotificationServiceHikariPool housekeeper] com.zaxxer.hikari.pool.HikariPool        : NotificationServiceHikariPool - Fill pool skipped, pool has sufficient level or currently being filled (queueDepth=0).
2025-12-07T00:38:33.752+03:00 DEBUG 22228 --- [notification-service] [NotificationServiceHikariPool housekeeper] com.zaxxer.hikari.pool.HikariPool        : NotificationServiceHikariPool - Before cleanup stats (total=5, active=0, idle=5, waiting=0)
2025-12-07T00:38:33.752+03:00 DEBUG 22228 --- [notification-service] [NotificationServiceHikariPool housekeeper] com.zaxxer.hikari.pool.HikariPool        : NotificationServiceHikariPool - After cleanup  stats (total=5, active=0, idle=5, waiting=0)
2025-12-07T00:38:33.752+03:00 DEBUG 22228 --- [notification-service] [NotificationServiceHikariPool housekeeper] com.zaxxer.hikari.pool.HikariPool        : NotificationServiceHikariPool - Fill pool skipped, pool has sufficient level or currently being filled (queueDepth=0).
2025-12-07T00:39:03.755+03:00 DEBUG 22228 --- [notification-service] [NotificationServiceHikariPool housekeeper] com.zaxxer.hikari.pool.HikariPool        : NotificationServiceHikariPool - Before cleanup stats (total=5, active=0, idle=5, waiting=0)
2025-12-07T00:39:03.756+03:00 DEBUG 22228 --- [notification-service] [NotificationServiceHikariPool housekeeper] com.zaxxer.hikari.pool.HikariPool        : NotificationServiceHikariPool - After cleanup  stats (total=5, active=0, idle=5, waiting=0)
2025-12-07T00:39:03.756+03:00 DEBUG 22228 --- [notification-service] [NotificationServiceHikariPool housekeeper] com.zaxxer.hikari.pool.HikariPool        : NotificationServiceHikariPool - Fill pool skipped, pool has sufficient level or currently being filled (queueDepth=0).
2025-12-07T18:26:01.378+03:00  WARN 22228 --- [notification-service] [NotificationServiceHikariPool housekeeper] com.zaxxer.hikari.pool.HikariPool        : NotificationServiceHikariPool - Thread starvation or clock leap detected (housekeeper delta=17h47m476ms458µs300ns).
2025-12-07T18:26:01.379+03:00 DEBUG 22228 --- [notification-service] [NotificationServiceHikariPool housekeeper] com.zaxxer.hikari.pool.HikariPool        : NotificationServiceHikariPool - Before cleanup stats (total=5, active=0, idle=5, waiting=0)
2025-12-07T18:26:01.379+03:00 DEBUG 22228 --- [notification-service] [NotificationServiceHikariPool housekeeper] com.zaxxer.hikari.pool.HikariPool        : NotificationServiceHikariPool - After cleanup  stats (total=5, active=0, idle=5, waiting=0)
2025-12-07T18:26:01.379+03:00 DEBUG 22228 --- [notification-service] [NotificationServiceHikariPool housekeeper] com.zaxxer.hikari.pool.HikariPool        : NotificationServiceHikariPool - Fill pool skipped, pool has sufficient level or currently being filled (queueDepth=0).
2025-12-07T18:26:01.380+03:00 DEBUG 22228 --- [notification-service] [NotificationServiceHikariPool connection closer] com.zaxxer.hikari.pool.PoolBase          : NotificationServiceHikariPool - Closing connection org.postgresql.jdbc.PgConnection@4cc835eb: (connection has passed maxLifetime)
2025-12-07T18:26:01.381+03:00 DEBUG 22228 --- [notification-service] [NotificationServiceHikariPool housekeeper] com.zaxxer.hikari.pool.HikariPool        : NotificationServiceHikariPool - Add connection elided, waiting=0, adders pending/running=1
2025-12-07T18:26:01.381+03:00 DEBUG 22228 --- [notification-service] [NotificationServiceHikariPool housekeeper] com.zaxxer.hikari.pool.HikariPool        : NotificationServiceHikariPool - Add connection elided, waiting=0, adders pending/running=1
2025-12-07T18:26:01.381+03:00 DEBUG 22228 --- [notification-service] [NotificationServiceHikariPool housekeeper] com.zaxxer.hikari.pool.HikariPool        : NotificationServiceHikariPool - Add connection elided, waiting=0, adders pending/running=2
2025-12-07T18:26:01.381+03:00 DEBUG 22228 --- [notification-service] [NotificationServiceHikariPool connection closer] com.zaxxer.hikari.pool.PoolBase          : NotificationServiceHikariPool - Closing connection org.postgresql.jdbc.PgConnection@48f7a82d: (connection has passed maxLifetime)
2025-12-07T18:26:01.381+03:00 DEBUG 22228 --- [notification-service] [NotificationServiceHikariPool housekeeper] com.zaxxer.hikari.pool.HikariPool        : NotificationServiceHikariPool - Add connection elided, waiting=0, adders pending/running=2
2025-12-07T18:26:01.381+03:00 DEBUG 22228 --- [notification-service] [NotificationServiceHikariPool connection closer] com.zaxxer.hikari.pool.PoolBase          : NotificationServiceHikariPool - Closing connection org.postgresql.jdbc.PgConnection@cf7ef2: (connection has passed maxLifetime)
2025-12-07T18:26:01.381+03:00 DEBUG 22228 --- [notification-service] [NotificationServiceHikariPool connection adder] org.postgresql.Driver                    : Connecting with URL: jdbc:postgresql://localhost:5433/music_prilo_db
2025-12-07T18:26:01.381+03:00 DEBUG 22228 --- [notification-service] [NotificationServiceHikariPool connection adder] org.postgresql.jdbc.PgConnection         : PostgreSQL JDBC Driver 42.6.0
2025-12-07T18:26:01.381+03:00 DEBUG 22228 --- [notification-service] [NotificationServiceHikariPool connection closer] com.zaxxer.hikari.pool.PoolBase          : NotificationServiceHikariPool - Closing connection org.postgresql.jdbc.PgConnection@14f09f19: (connection has passed maxLifetime)
2025-12-07T18:26:01.382+03:00 DEBUG 22228 --- [notification-service] [NotificationServiceHikariPool connection closer] com.zaxxer.hikari.pool.PoolBase          : NotificationServiceHikariPool - Closing connection org.postgresql.jdbc.PgConnection@e088143: (connection has passed maxLifetime)
2025-12-07T18:26:01.382+03:00 DEBUG 22228 --- [notification-service] [NotificationServiceHikariPool connection adder] org.postgresql.jdbc.PgConnection         :   setDefaultFetchSize = 0
2025-12-07T18:26:01.385+03:00 DEBUG 22228 --- [notification-service] [NotificationServiceHikariPool connection adder] org.postgresql.jdbc.PgConnection         :   setPrepareThreshold = 5
2025-12-07T18:26:01.386+03:00 DEBUG 22228 --- [notification-service] [NotificationServiceHikariPool connection adder] o.p.core.v3.ConnectionFactoryImpl        : Trying to establish a protocol version 3 connection to localhost:5433
2025-12-07T18:26:01.390+03:00 DEBUG 22228 --- [notification-service] [NotificationServiceHikariPool connection adder] o.p.core.v3.ConnectionFactoryImpl        : Receive Buffer Size is 65 536
2025-12-07T18:26:01.390+03:00 DEBUG 22228 --- [notification-service] [NotificationServiceHikariPool connection adder] o.p.core.v3.ConnectionFactoryImpl        : Send Buffer Size is 65 536
2025-12-07T18:26:01.419+03:00 DEBUG 22228 --- [notification-service] [NotificationServiceHikariPool connection adder] com.zaxxer.hikari.pool.HikariPool        : NotificationServiceHikariPool - Added connection org.postgresql.jdbc.PgConnection@7b36b2e3
2025-12-07T18:26:01.430+03:00 DEBUG 22228 --- [notification-service] [NotificationServiceHikariPool connection adder] org.postgresql.Driver                    : Connecting with URL: jdbc:postgresql://localhost:5433/music_prilo_db
2025-12-07T18:26:01.430+03:00 DEBUG 22228 --- [notification-service] [NotificationServiceHikariPool connection adder] org.postgresql.jdbc.PgConnection         : PostgreSQL JDBC Driver 42.6.0
2025-12-07T18:26:01.431+03:00 DEBUG 22228 --- [notification-service] [NotificationServiceHikariPool connection adder] org.postgresql.jdbc.PgConnection         :   setDefaultFetchSize = 0
2025-12-07T18:26:01.431+03:00 DEBUG 22228 --- [notification-service] [NotificationServiceHikariPool connection adder] org.postgresql.jdbc.PgConnection         :   setPrepareThreshold = 5
2025-12-07T18:26:01.431+03:00 DEBUG 22228 --- [notification-service] [NotificationServiceHikariPool connection adder] o.p.core.v3.ConnectionFactoryImpl        : Trying to establish a protocol version 3 connection to localhost:5433
2025-12-07T18:26:01.432+03:00 DEBUG 22228 --- [notification-service] [NotificationServiceHikariPool connection adder] o.p.core.v3.ConnectionFactoryImpl        : Receive Buffer Size is 65 536
2025-12-07T18:26:01.432+03:00 DEBUG 22228 --- [notification-service] [NotificationServiceHikariPool connection adder] o.p.core.v3.ConnectionFactoryImpl        : Send Buffer Size is 65 536
2025-12-07T18:26:01.480+03:00 DEBUG 22228 --- [notification-service] [NotificationServiceHikariPool connection adder] com.zaxxer.hikari.pool.HikariPool        : NotificationServiceHikariPool - Added connection org.postgresql.jdbc.PgConnection@75f143f5
2025-12-07T18:26:01.492+03:00 DEBUG 22228 --- [notification-service] [NotificationServiceHikariPool connection adder] org.postgresql.Driver                    : Connecting with URL: jdbc:postgresql://localhost:5433/music_prilo_db
2025-12-07T18:26:01.492+03:00 DEBUG 22228 --- [notification-service] [NotificationServiceHikariPool connection adder] org.postgresql.jdbc.PgConnection         : PostgreSQL JDBC Driver 42.6.0
2025-12-07T18:26:01.492+03:00 DEBUG 22228 --- [notification-service] [NotificationServiceHikariPool connection adder] org.postgresql.jdbc.PgConnection         :   setDefaultFetchSize = 0
2025-12-07T18:26:01.492+03:00 DEBUG 22228 --- [notification-service] [NotificationServiceHikariPool connection adder] org.postgresql.jdbc.PgConnection         :   setPrepareThreshold = 5
2025-12-07T18:26:01.492+03:00 DEBUG 22228 --- [notification-service] [NotificationServiceHikariPool connection adder] o.p.core.v3.ConnectionFactoryImpl        : Trying to establish a protocol version 3 connection to localhost:5433
2025-12-07T18:26:01.493+03:00 DEBUG 22228 --- [notification-service] [NotificationServiceHikariPool connection adder] o.p.core.v3.ConnectionFactoryImpl        : Receive Buffer Size is 65 536
2025-12-07T18:26:01.493+03:00 DEBUG 22228 --- [notification-service] [NotificationServiceHikariPool connection adder] o.p.core.v3.ConnectionFactoryImpl        : Send Buffer Size is 65 536
2025-12-07T18:26:01.529+03:00 DEBUG 22228 --- [notification-service] [NotificationServiceHikariPool connection adder] com.zaxxer.hikari.pool.HikariPool        : NotificationServiceHikariPool - Added connection org.postgresql.jdbc.PgConnection@71ced993
2025-12-07T18:26:01.540+03:00 DEBUG 22228 --- [notification-service] [NotificationServiceHikariPool connection adder] org.postgresql.Driver                    : Connecting with URL: jdbc:postgresql://localhost:5433/music_prilo_db
2025-12-07T18:26:01.540+03:00 DEBUG 22228 --- [notification-service] [NotificationServiceHikariPool connection adder] org.postgresql.jdbc.PgConnection         : PostgreSQL JDBC Driver 42.6.0
2025-12-07T18:26:01.541+03:00 DEBUG 22228 --- [notification-service] [NotificationServiceHikariPool connection adder] org.postgresql.jdbc.PgConnection         :   setDefaultFetchSize = 0
2025-12-07T18:26:01.541+03:00 DEBUG 22228 --- [notification-service] [NotificationServiceHikariPool connection adder] org.postgresql.jdbc.PgConnection         :   setPrepareThreshold = 5
2025-12-07T18:26:01.541+03:00 DEBUG 22228 --- [notification-service] [NotificationServiceHikariPool connection adder] o.p.core.v3.ConnectionFactoryImpl        : Trying to establish a protocol version 3 connection to localhost:5433
2025-12-07T18:26:01.542+03:00 DEBUG 22228 --- [notification-service] [NotificationServiceHikariPool connection adder] o.p.core.v3.ConnectionFactoryImpl        : Receive Buffer Size is 65 536
2025-12-07T18:26:01.542+03:00 DEBUG 22228 --- [notification-service] [NotificationServiceHikariPool connection adder] o.p.core.v3.ConnectionFactoryImpl        : Send Buffer Size is 65 536
2025-12-07T18:26:01.570+03:00 DEBUG 22228 --- [notification-service] [NotificationServiceHikariPool connection adder] com.zaxxer.hikari.pool.HikariPool        : NotificationServiceHikariPool - Added connection org.postgresql.jdbc.PgConnection@34cc49ce
2025-12-07T18:26:01.581+03:00 DEBUG 22228 --- [notification-service] [NotificationServiceHikariPool connection adder] org.postgresql.Driver                    : Connecting with URL: jdbc:postgresql://localhost:5433/music_prilo_db
2025-12-07T18:26:01.581+03:00 DEBUG 22228 --- [notification-service] [NotificationServiceHikariPool connection adder] org.postgresql.jdbc.PgConnection         : PostgreSQL JDBC Driver 42.6.0
2025-12-07T18:26:01.582+03:00 DEBUG 22228 --- [notification-service] [NotificationServiceHikariPool connection adder] org.postgresql.jdbc.PgConnection         :   setDefaultFetchSize = 0
2025-12-07T18:26:01.582+03:00 DEBUG 22228 --- [notification-service] [NotificationServiceHikariPool connection adder] org.postgresql.jdbc.PgConnection         :   setPrepareThreshold = 5
2025-12-07T18:26:01.582+03:00 DEBUG 22228 --- [notification-service] [NotificationServiceHikariPool connection adder] o.p.core.v3.ConnectionFactoryImpl        : Trying to establish a protocol version 3 connection to localhost:5433
2025-12-07T18:26:01.583+03:00 DEBUG 22228 --- [notification-service] [NotificationServiceHikariPool connection adder] o.p.core.v3.ConnectionFactoryImpl        : Receive Buffer Size is 65 536
2025-12-07T18:26:01.583+03:00 DEBUG 22228 --- [notification-service] [NotificationServiceHikariPool connection adder] o.p.core.v3.ConnectionFactoryImpl        : Send Buffer Size is 65 536
2025-12-07T18:26:01.640+03:00 DEBUG 22228 --- [notification-service] [NotificationServiceHikariPool connection adder] com.zaxxer.hikari.pool.HikariPool        : NotificationServiceHikariPool - Added connection org.postgresql.jdbc.PgConnection@7aa3541e
2025-12-07T18:26:31.380+03:00 DEBUG 22228 --- [notification-service] [NotificationServiceHikariPool housekeeper] com.zaxxer.hikari.pool.HikariPool        : NotificationServiceHikariPool - Before cleanup stats (total=5, active=0, idle=5, waiting=0)
2025-12-07T18:26:31.380+03:00 DEBUG 22228 --- [notification-service] [NotificationServiceHikariPool housekeeper] com.zaxxer.hikari.pool.HikariPool        : NotificationServiceHikariPool - After cleanup  stats (total=5, active=0, idle=5, waiting=0)
2025-12-07T18:26:31.380+03:00 DEBUG 22228 --- [notification-service] [NotificationServiceHikariPool housekeeper] com.zaxxer.hikari.pool.HikariPool        : NotificationServiceHikariPool - Fill pool skipped, pool has sufficient level or currently being filled (queueDepth=0).
2025-12-07T18:27:01.381+03:00 DEBUG 22228 --- [notification-service] [NotificationServiceHikariPool housekeeper] com.zaxxer.hikari.pool.HikariPool        : NotificationServiceHikariPool - Before cleanup stats (total=5, active=0, idle=5, waiting=0)
2025-12-07T18:27:01.382+03:00 DEBUG 22228 --- [notification-service] [NotificationServiceHikariPool housekeeper] com.zaxxer.hikari.pool.HikariPool        : NotificationServiceHikariPool - After cleanup  stats (total=5, active=0, idle=5, waiting=0)
2025-12-07T18:27:01.382+03:00 DEBUG 22228 --- [notification-service] [NotificationServiceHikariPool housekeeper] com.zaxxer.hikari.pool.HikariPool        : NotificationServiceHikariPool - Fill pool skipped, pool has sufficient level or currently being filled (queueDepth=0).
2025-12-07T18:27:31.382+03:00 DEBUG 22228 --- [notification-service] [NotificationServiceHikariPool housekeeper] com.zaxxer.hikari.pool.HikariPool        : NotificationServiceHikariPool - Before cleanup stats (total=5, active=0, idle=5, waiting=0)
2025-12-07T18:27:31.383+03:00 DEBUG 22228 --- [notification-service] [NotificationServiceHikariPool housekeeper] com.zaxxer.hikari.pool.HikariPool        : NotificationServiceHikariPool - After cleanup  stats (total=5, active=0, idle=5, waiting=0)
2025-12-07T18:27:31.383+03:00 DEBUG 22228 --- [notification-service] [NotificationServiceHikariPool housekeeper] com.zaxxer.hikari.pool.HikariPool        : NotificationServiceHikariPool - Fill pool skipped, pool has sufficient level or currently being filled (queueDepth=0).
2025-12-07T18:28:01.384+03:00 DEBUG 22228 --- [notification-service] [NotificationServiceHikariPool housekeeper] com.zaxxer.hikari.pool.HikariPool        : NotificationServiceHikariPool - Before cleanup stats (total=5, active=0, idle=5, waiting=0)
2025-12-07T18:28:01.384+03:00 DEBUG 22228 --- [notification-service] [NotificationServiceHikariPool housekeeper] com.zaxxer.hikari.pool.HikariPool        : NotificationServiceHikariPool - After cleanup  stats (total=5, active=0, idle=5, waiting=0)
2025-12-07T18:28:01.384+03:00 DEBUG 22228 --- [notification-service] [NotificationServiceHikariPool housekeeper] com.zaxxer.hikari.pool.HikariPool        : NotificationServiceHikariPool - Fill pool skipped, pool has sufficient level or currently being filled (queueDepth=0).
2025-12-07T18:28:31.384+03:00 DEBUG 22228 --- [notification-service] [NotificationServiceHikariPool housekeeper] com.zaxxer.hikari.pool.HikariPool        : NotificationServiceHikariPool - Before cleanup stats (total=5, active=0, idle=5, waiting=0)
2025-12-07T18:28:31.384+03:00 DEBUG 22228 --- [notification-service] [NotificationServiceHikariPool housekeeper] com.zaxxer.hikari.pool.HikariPool        : NotificationServiceHikariPool - After cleanup  stats (total=5, active=0, idle=5, waiting=0)
2025-12-07T18:28:31.385+03:00 DEBUG 22228 --- [notification-service] [NotificationServiceHikariPool housekeeper] com.zaxxer.hikari.pool.HikariPool        : NotificationServiceHikariPool - Fill pool skipped, pool has sufficient level or currently being filled (queueDepth=0).
2025-12-07T18:28:37.635+03:00  INFO 22228 --- [notification-service] [AsyncResolver-bootstrap-executor-0] c.n.d.s.r.aws.ConfigClusterResolver      : Resolving eureka endpoints via configuration
2025-12-07T18:29:01.385+03:00 DEBUG 22228 --- [notification-service] [NotificationServiceHikariPool housekeeper] com.zaxxer.hikari.pool.HikariPool        : NotificationServiceHikariPool - Before cleanup stats (total=5, active=0, idle=5, waiting=0)
2025-12-07T18:29:01.385+03:00 DEBUG 22228 --- [notification-service] [NotificationServiceHikariPool housekeeper] com.zaxxer.hikari.pool.HikariPool        : NotificationServiceHikariPool - After cleanup  stats (total=5, active=0, idle=5, waiting=0)
2025-12-07T18:29:01.385+03:00 DEBUG 22228 --- [notification-service] [NotificationServiceHikariPool housekeeper] com.zaxxer.hikari.pool.HikariPool        : NotificationServiceHikariPool - Fill pool skipped, pool has sufficient level or currently being filled (queueDepth=0).
2025-12-07T18:29:31.387+03:00 DEBUG 22228 --- [notification-service] [NotificationServiceHikariPool housekeeper] com.zaxxer.hikari.pool.HikariPool        : NotificationServiceHikariPool - Before cleanup stats (total=5, active=0, idle=5, waiting=0)
2025-12-07T18:29:31.387+03:00 DEBUG 22228 --- [notification-service] [NotificationServiceHikariPool housekeeper] com.zaxxer.hikari.pool.HikariPool        : NotificationServiceHikariPool - After cleanup  stats (total=5, active=0, idle=5, waiting=0)
2025-12-07T18:29:31.387+03:00 DEBUG 22228 --- [notification-service] [NotificationServiceHikariPool housekeeper] com.zaxxer.hikari.pool.HikariPool        : NotificationServiceHikariPool - Fill pool skipped, pool has sufficient level or currently being filled (queueDepth=0).
2025-12-07T18:30:01.388+03:00 DEBUG 22228 --- [notification-service] [NotificationServiceHikariPool housekeeper] com.zaxxer.hikari.pool.HikariPool        : NotificationServiceHikariPool - Before cleanup stats (total=5, active=0, idle=5, waiting=0)
2025-12-07T18:30:01.388+03:00 DEBUG 22228 --- [notification-service] [NotificationServiceHikariPool housekeeper] com.zaxxer.hikari.pool.HikariPool        : NotificationServiceHikariPool - After cleanup  stats (total=5, active=0, idle=5, waiting=0)
2025-12-07T18:30:01.388+03:00 DEBUG 22228 --- [notification-service] [NotificationServiceHikariPool housekeeper] com.zaxxer.hikari.pool.HikariPool        : NotificationServiceHikariPool - Fill pool skipped, pool has sufficient level or currently being filled (queueDepth=0).
2025-12-07T18:30:31.391+03:00 DEBUG 22228 --- [notification-service] [NotificationServiceHikariPool housekeeper] com.zaxxer.hikari.pool.HikariPool        : NotificationServiceHikariPool - Before cleanup stats (total=5, active=0, idle=5, waiting=0)
2025-12-07T18:30:31.391+03:00 DEBUG 22228 --- [notification-service] [NotificationServiceHikariPool housekeeper] com.zaxxer.hikari.pool.HikariPool        : NotificationServiceHikariPool - After cleanup  stats (total=5, active=0, idle=5, waiting=0)
2025-12-07T18:30:31.391+03:00 DEBUG 22228 --- [notification-service] [NotificationServiceHikariPool housekeeper] com.zaxxer.hikari.pool.HikariPool        : NotificationServiceHikariPool - Fill pool skipped, pool has sufficient level or currently being filled (queueDepth=0).
2025-12-07T18:31:01.392+03:00 DEBUG 22228 --- [notification-service] [NotificationServiceHikariPool housekeeper] com.zaxxer.hikari.pool.HikariPool        : NotificationServiceHikariPool - Before cleanup stats (total=5, active=0, idle=5, waiting=0)
2025-12-07T18:31:01.392+03:00 DEBUG 22228 --- [notification-service] [NotificationServiceHikariPool housekeeper] com.zaxxer.hikari.pool.HikariPool        : NotificationServiceHikariPool - After cleanup  stats (total=5, active=0, idle=5, waiting=0)
2025-12-07T18:31:01.392+03:00 DEBUG 22228 --- [notification-service] [NotificationServiceHikariPool housekeeper] com.zaxxer.hikari.pool.HikariPool        : NotificationServiceHikariPool - Fill pool skipped, pool has sufficient level or currently being filled (queueDepth=0).
2025-12-07T18:31:31.393+03:00 DEBUG 22228 --- [notification-service] [NotificationServiceHikariPool housekeeper] com.zaxxer.hikari.pool.HikariPool        : NotificationServiceHikariPool - Before cleanup stats (total=5, active=0, idle=5, waiting=0)
2025-12-07T18:31:31.393+03:00 DEBUG 22228 --- [notification-service] [NotificationServiceHikariPool housekeeper] com.zaxxer.hikari.pool.HikariPool        : NotificationServiceHikariPool - After cleanup  stats (total=5, active=0, idle=5, waiting=0)
2025-12-07T18:31:31.393+03:00 DEBUG 22228 --- [notification-service] [NotificationServiceHikariPool housekeeper] com.zaxxer.hikari.pool.HikariPool        : NotificationServiceHikariPool - Fill pool skipped, pool has sufficient level or currently being filled (queueDepth=0).
2025-12-07T18:32:01.393+03:00 DEBUG 22228 --- [notification-service] [NotificationServiceHikariPool housekeeper] com.zaxxer.hikari.pool.HikariPool        : NotificationServiceHikariPool - Before cleanup stats (total=5, active=0, idle=5, waiting=0)
2025-12-07T18:32:01.393+03:00 DEBUG 22228 --- [notification-service] [NotificationServiceHikariPool housekeeper] com.zaxxer.hikari.pool.HikariPool        : NotificationServiceHikariPool - After cleanup  stats (total=5, active=0, idle=5, waiting=0)
2025-12-07T18:32:01.393+03:00 DEBUG 22228 --- [notification-service] [NotificationServiceHikariPool housekeeper] com.zaxxer.hikari.pool.HikariPool        : NotificationServiceHikariPool - Fill pool skipped, pool has sufficient level or currently being filled (queueDepth=0).
2025-12-07T18:32:31.396+03:00 DEBUG 22228 --- [notification-service] [NotificationServiceHikariPool housekeeper] com.zaxxer.hikari.pool.HikariPool        : NotificationServiceHikariPool - Before cleanup stats (total=5, active=0, idle=5, waiting=0)
2025-12-07T18:32:31.396+03:00 DEBUG 22228 --- [notification-service] [NotificationServiceHikariPool housekeeper] com.zaxxer.hikari.pool.HikariPool        : NotificationServiceHikariPool - After cleanup  stats (total=5, active=0, idle=5, waiting=0)
2025-12-07T18:32:31.396+03:00 DEBUG 22228 --- [notification-service] [NotificationServiceHikariPool housekeeper] com.zaxxer.hikari.pool.HikariPool        : NotificationServiceHikariPool - Fill pool skipped, pool has sufficient level or currently being filled (queueDepth=0).
2025-12-07T18:33:01.397+03:00 DEBUG 22228 --- [notification-service] [NotificationServiceHikariPool housekeeper] com.zaxxer.hikari.pool.HikariPool        : NotificationServiceHikariPool - Before cleanup stats (total=5, active=0, idle=5, waiting=0)
2025-12-07T18:33:01.397+03:00 DEBUG 22228 --- [notification-service] [NotificationServiceHikariPool housekeeper] com.zaxxer.hikari.pool.HikariPool        : NotificationServiceHikariPool - After cleanup  stats (total=5, active=0, idle=5, waiting=0)
2025-12-07T18:33:01.397+03:00 DEBUG 22228 --- [notification-service] [NotificationServiceHikariPool housekeeper] com.zaxxer.hikari.pool.HikariPool        : NotificationServiceHikariPool - Fill pool skipped, pool has sufficient level or currently being filled (queueDepth=0).
2025-12-07T18:33:31.399+03:00 DEBUG 22228 --- [notification-service] [NotificationServiceHikariPool housekeeper] com.zaxxer.hikari.pool.HikariPool        : NotificationServiceHikariPool - Before cleanup stats (total=5, active=0, idle=5, waiting=0)
2025-12-07T18:33:31.400+03:00 DEBUG 22228 --- [notification-service] [NotificationServiceHikariPool housekeeper] com.zaxxer.hikari.pool.HikariPool        : NotificationServiceHikariPool - After cleanup  stats (total=5, active=0, idle=5, waiting=0)
2025-12-07T18:33:31.400+03:00 DEBUG 22228 --- [notification-service] [NotificationServiceHikariPool housekeeper] com.zaxxer.hikari.pool.HikariPool        : NotificationServiceHikariPool - Fill pool skipped, pool has sufficient level or currently being filled (queueDepth=0).
2025-12-07T18:33:37.635+03:00  INFO 22228 --- [notification-service] [AsyncResolver-bootstrap-executor-0] c.n.d.s.r.aws.ConfigClusterResolver      : Resolving eureka endpoints via configuration
2025-12-07T18:34:01.401+03:00 DEBUG 22228 --- [notification-service] [NotificationServiceHikariPool housekeeper] com.zaxxer.hikari.pool.HikariPool        : NotificationServiceHikariPool - Before cleanup stats (total=5, active=0, idle=5, waiting=0)
2025-12-07T18:34:01.401+03:00 DEBUG 22228 --- [notification-service] [NotificationServiceHikariPool housekeeper] com.zaxxer.hikari.pool.HikariPool        : NotificationServiceHikariPool - After cleanup  stats (total=5, active=0, idle=5, waiting=0)
2025-12-07T18:34:01.401+03:00 DEBUG 22228 --- [notification-service] [NotificationServiceHikariPool housekeeper] com.zaxxer.hikari.pool.HikariPool        : NotificationServiceHikariPool - Fill pool skipped, pool has sufficient level or currently being filled (queueDepth=0).
2025-12-07T18:34:31.404+03:00 DEBUG 22228 --- [notification-service] [NotificationServiceHikariPool housekeeper] com.zaxxer.hikari.pool.HikariPool        : NotificationServiceHikariPool - Before cleanup stats (total=5, active=0, idle=5, waiting=0)
2025-12-07T18:34:31.404+03:00 DEBUG 22228 --- [notification-service] [NotificationServiceHikariPool housekeeper] com.zaxxer.hikari.pool.HikariPool        : NotificationServiceHikariPool - After cleanup  stats (total=5, active=0, idle=5, waiting=0)
2025-12-07T18:34:31.404+03:00 DEBUG 22228 --- [notification-service] [NotificationServiceHikariPool housekeeper] com.zaxxer.hikari.pool.HikariPool        : NotificationServiceHikariPool - Fill pool skipped, pool has sufficient level or currently being filled (queueDepth=0).
2025-12-07T18:35:01.405+03:00 DEBUG 22228 --- [notification-service] [NotificationServiceHikariPool housekeeper] com.zaxxer.hikari.pool.HikariPool        : NotificationServiceHikariPool - Before cleanup stats (total=5, active=0, idle=5, waiting=0)
2025-12-07T18:35:01.408+03:00 DEBUG 22228 --- [notification-service] [NotificationServiceHikariPool housekeeper] com.zaxxer.hikari.pool.HikariPool        : NotificationServiceHikariPool - After cleanup  stats (total=5, active=0, idle=5, waiting=0)
2025-12-07T18:35:01.408+03:00 DEBUG 22228 --- [notification-service] [NotificationServiceHikariPool housekeeper] com.zaxxer.hikari.pool.HikariPool        : NotificationServiceHikariPool - Fill pool skipped, pool has sufficient level or currently being filled (queueDepth=0).
